2025-12-21 04:22:43,109 P1628 [INFO] ************************************************************
2025-12-21 04:22:43,109 P1628 [INFO] ConfigSet _OnInstanceBoot
2025-12-21 04:22:43,112 P1628 [INFO] ++++++++++++++++++++++++++++++++++++++++++++++++++++++++++++
2025-12-21 04:22:43,112 P1628 [INFO] Config AWSEBBaseConfig
2025-12-21 04:22:43,371 P1628 [INFO] ============================================================
2025-12-21 04:22:43,371 P1628 [INFO] Command clearbackupfiles
2025-12-21 04:22:43,382 P1628 [INFO] Completed successfully.
2025-12-21 04:22:43,385 P1628 [INFO] ++++++++++++++++++++++++++++++++++++++++++++++++++++++++++++
2025-12-21 04:22:43,385 P1628 [INFO] Config AWSEBCfnHupEndpointOverride
2025-12-21 04:22:43,386 P1628 [INFO] ============================================================
2025-12-21 04:22:43,386 P1628 [INFO] Command clearbackupfiles
2025-12-21 04:22:43,390 P1628 [INFO] Completed successfully.
2025-12-21 04:22:59,584 P1818 [INFO] ************************************************************
2025-12-21 04:22:59,585 P1818 [INFO] ConfigSet Infra-EmbeddedPreBuild
2025-12-21 04:23:12,022 P1990 [INFO] ************************************************************
2025-12-21 04:23:12,022 P1990 [INFO] ConfigSet Infra-EmbeddedPostBuild
2025-12-21 04:27:47,859 P2635 [INFO] ************************************************************
2025-12-21 04:27:47,859 P2635 [INFO] ConfigSet Infra-EmbeddedPostBuild
2025-12-21 04:34:24,533 P3223 [INFO] ************************************************************
2025-12-21 04:34:24,533 P3223 [INFO] ConfigSet Infra-EmbeddedPreBuild
2025-12-21 04:34:28,837 P3450 [INFO] ************************************************************
2025-12-21 04:34:28,837 P3450 [INFO] ConfigSet Infra-EmbeddedPostBuild
2025-12-21 04:40:10,730 P3981 [INFO] ************************************************************
2025-12-21 04:40:10,730 P3981 [INFO] ConfigSet Infra-EmbeddedPreBuild
2025-12-21 04:40:15,591 P4206 [INFO] ************************************************************
2025-12-21 04:40:15,591 P4206 [INFO] ConfigSet Infra-EmbeddedPostBuild
2025-12-21 04:44:03,695 P4727 [INFO] ************************************************************
2025-12-21 04:44:03,695 P4727 [INFO] ConfigSet Infra-EmbeddedPreBuild
2025-12-21 04:44:08,837 P4946 [INFO] ************************************************************
2025-12-21 04:44:08,838 P4946 [INFO] ConfigSet Infra-EmbeddedPostBuild
2025-12-21 04:48:50,631 P5415 [INFO] ************************************************************
2025-12-21 04:48:50,631 P5415 [INFO] ConfigSet Infra-EmbeddedPreBuild
2025-12-21 04:48:55,589 P5682 [INFO] ************************************************************
2025-12-21 04:48:55,589 P5682 [INFO] ConfigSet Infra-EmbeddedPostBuild
2025-12-21 04:49:50,284 P6284 [INFO] ************************************************************
2025-12-21 04:49:50,285 P6284 [INFO] ConfigSet Infra-EmbeddedPostBuild
2025-12-21 05:00:46,231 P6979 [INFO] ************************************************************
2025-12-21 05:00:46,231 P6979 [INFO] ConfigSet Infra-EmbeddedPreBuild
2025-12-21 05:00:50,353 P7201 [INFO] ************************************************************
2025-12-21 05:00:50,353 P7201 [INFO] ConfigSet Infra-EmbeddedPostBuild
2025-12-21 05:04:50,420 P7737 [INFO] ************************************************************
2025-12-21 05:04:50,420 P7737 [INFO] ConfigSet Infra-EmbeddedPreBuild
2025-12-21 05:04:55,227 P7948 [INFO] ************************************************************
2025-12-21 05:04:55,227 P7948 [INFO] ConfigSet Infra-EmbeddedPostBuild
2025-12-21 05:09:04,903 P8437 [INFO] ************************************************************
2025-12-21 05:09:04,903 P8437 [INFO] ConfigSet Infra-EmbeddedPreBuild
2025-12-21 05:09:10,359 P8657 [INFO] ************************************************************
2025-12-21 05:09:10,359 P8657 [INFO] ConfigSet Infra-EmbeddedPostBuild
2025-12-21 05:13:59,831 P9183 [INFO] ************************************************************
2025-12-21 05:13:59,831 P9183 [INFO] ConfigSet Infra-EmbeddedPreBuild
2025-12-21 05:14:04,949 P9444 [INFO] ************************************************************
2025-12-21 05:14:04,949 P9444 [INFO] ConfigSet Infra-EmbeddedPostBuild
2025-12-21 05:19:42,806 P10077 [INFO] ************************************************************
2025-12-21 05:19:42,806 P10077 [INFO] ConfigSet Infra-EmbeddedPreBuild
2025-12-21 05:19:48,098 P10301 [INFO] ************************************************************
2025-12-21 05:19:48,098 P10301 [INFO] ConfigSet Infra-EmbeddedPostBuild
2025-12-21 05:26:57,572 P10851 [INFO] ************************************************************
2025-12-21 05:26:57,572 P10851 [INFO] ConfigSet Infra-EmbeddedPreBuild
2025-12-21 05:27:02,683 P11117 [INFO] ************************************************************
2025-12-21 05:27:02,683 P11117 [INFO] ConfigSet Infra-EmbeddedPostBuild
2025-12-21 05:33:51,338 P11682 [INFO] ************************************************************
2025-12-21 05:33:51,338 P11682 [INFO] ConfigSet Infra-EmbeddedPreBuild
2025-12-21 05:33:56,299 P11955 [INFO] ************************************************************
2025-12-21 05:33:56,299 P11955 [INFO] ConfigSet Infra-EmbeddedPostBuild
2025-12-21 05:37:21,902 P12374 [INFO] ************************************************************
2025-12-21 05:37:21,902 P12374 [INFO] ConfigSet Infra-EmbeddedPreBuild
2025-12-21 05:37:27,256 P12642 [INFO] ************************************************************
2025-12-21 05:37:27,256 P12642 [INFO] ConfigSet Infra-EmbeddedPostBuild
2025-12-21 05:38:20,023 P13233 [INFO] ************************************************************
2025-12-21 05:38:20,023 P13233 [INFO] ConfigSet Infra-EmbeddedPostBuild
2025-12-21 05:43:04,275 P13784 [INFO] ************************************************************
2025-12-21 05:43:04,275 P13784 [INFO] ConfigSet Infra-EmbeddedPreBuild
2025-12-21 05:43:08,340 P14005 [INFO] ************************************************************
2025-12-21 05:43:08,340 P14005 [INFO] ConfigSet Infra-EmbeddedPostBuild
2025-12-24 03:33:35,964 P152176 [INFO] ************************************************************
2025-12-24 03:33:35,965 P152176 [INFO] ConfigSet Infra-EmbeddedPreBuild
2025-12-24 03:35:12,197 P152540 [INFO] ************************************************************
2025-12-24 03:35:12,197 P152540 [INFO] ConfigSet Infra-EmbeddedPreBuild
2025-12-24 03:43:31,384 P153026 [INFO] ************************************************************
2025-12-24 03:43:31,384 P153026 [INFO] ConfigSet Infra-EmbeddedPreBuild
2025-12-24 03:43:36,122 P153298 [INFO] ************************************************************
2025-12-24 03:43:36,122 P153298 [INFO] ConfigSet Infra-EmbeddedPostBuild
2025-12-24 03:44:32,610 P153944 [INFO] ************************************************************
2025-12-24 03:44:32,610 P153944 [INFO] ConfigSet Infra-EmbeddedPostBuild
2025-12-24 03:55:58,100 P154704 [INFO] ************************************************************
2025-12-24 03:55:58,100 P154704 [INFO] ConfigSet Infra-EmbeddedPreBuild
2025-12-24 03:56:03,188 P154979 [INFO] ************************************************************
2025-12-24 03:56:03,188 P154979 [INFO] ConfigSet Infra-EmbeddedPostBuild
2025-12-24 05:00:50,048 P157533 [INFO] ************************************************************
2025-12-24 05:00:50,048 P157533 [INFO] ConfigSet Infra-EmbeddedPreBuild
2025-12-24 05:00:55,625 P157749 [INFO] ************************************************************
2025-12-24 05:00:55,625 P157749 [INFO] ConfigSet Infra-EmbeddedPostBuild
2025-12-24 05:06:19,743 P158366 [INFO] ************************************************************
2025-12-24 05:06:19,743 P158366 [INFO] ConfigSet Infra-EmbeddedPreBuild
2025-12-24 05:06:25,480 P158641 [INFO] ************************************************************
2025-12-24 05:06:25,481 P158641 [INFO] ConfigSet Infra-EmbeddedPostBuild
2025-12-24 05:33:22,635 P159927 [INFO] ************************************************************
2025-12-24 05:33:22,635 P159927 [INFO] ConfigSet Infra-EmbeddedPreBuild
2025-12-24 05:33:28,300 P160197 [INFO] ************************************************************
2025-12-24 05:33:28,300 P160197 [INFO] ConfigSet Infra-EmbeddedPostBuild
2025-12-24 05:42:49,998 P160905 [INFO] ************************************************************
2025-12-24 05:42:49,998 P160905 [INFO] ConfigSet Infra-EmbeddedPreBuild
2025-12-24 05:42:55,411 P161117 [INFO] ************************************************************
2025-12-24 05:42:55,411 P161117 [INFO] ConfigSet Infra-EmbeddedPostBuild
2025-12-24 06:20:07,268 P162747 [INFO] ************************************************************
2025-12-24 06:20:07,268 P162747 [INFO] ConfigSet Infra-EmbeddedPreBuild
2025-12-24 06:20:13,035 P163015 [INFO] ************************************************************
2025-12-24 06:20:13,035 P163015 [INFO] ConfigSet Infra-EmbeddedPostBuild
2025-12-24 06:44:38,408 P164249 [INFO] ************************************************************
2025-12-24 06:44:38,408 P164249 [INFO] ConfigSet Infra-EmbeddedPreBuild
2025-12-24 06:44:43,993 P164472 [INFO] ************************************************************
2025-12-24 06:44:43,994 P164472 [INFO] ConfigSet Infra-EmbeddedPostBuild
2025-12-24 06:45:38,196 P165130 [INFO] ************************************************************
2025-12-24 06:45:38,196 P165130 [INFO] ConfigSet Infra-EmbeddedPostBuild
2025-12-24 07:35:00,640 P167150 [INFO] ************************************************************
2025-12-24 07:35:00,640 P167150 [INFO] ConfigSet Infra-EmbeddedPreBuild
2025-12-24 07:35:05,604 P167372 [INFO] ************************************************************
2025-12-24 07:35:05,604 P167372 [INFO] ConfigSet Infra-EmbeddedPostBuild
2025-12-24 07:51:56,411 P168295 [INFO] ************************************************************
2025-12-24 07:51:56,411 P168295 [INFO] ConfigSet Infra-EmbeddedPreBuild
2025-12-24 07:52:01,952 P168565 [INFO] ************************************************************
2025-12-24 07:52:01,952 P168565 [INFO] ConfigSet Infra-EmbeddedPostBuild
2025-12-24 07:59:49,768 P169218 [INFO] ************************************************************
2025-12-24 07:59:49,768 P169218 [INFO] ConfigSet Infra-EmbeddedPreBuild
2025-12-24 07:59:55,471 P169433 [INFO] ************************************************************
2025-12-24 07:59:55,471 P169433 [INFO] ConfigSet Infra-EmbeddedPostBuild
2025-12-24 08:06:33,157 P170123 [INFO] ************************************************************
2025-12-24 08:06:33,157 P170123 [INFO] ConfigSet Infra-EmbeddedPreBuild
2025-12-24 08:06:38,977 P170395 [INFO] ************************************************************
2025-12-24 08:06:38,977 P170395 [INFO] ConfigSet Infra-EmbeddedPostBuild
2025-12-24 08:10:58,010 P170924 [INFO] ************************************************************
2025-12-24 08:10:58,010 P170924 [INFO] ConfigSet Infra-EmbeddedPreBuild
2025-12-24 08:11:03,630 P171135 [INFO] ************************************************************
2025-12-24 08:11:03,630 P171135 [INFO] ConfigSet Infra-EmbeddedPostBuild
2025-12-24 08:15:15,602 P171675 [INFO] ************************************************************
2025-12-24 08:15:15,602 P171675 [INFO] ConfigSet Infra-EmbeddedPreBuild
2025-12-24 08:15:21,382 P171896 [INFO] ************************************************************
2025-12-24 08:15:21,382 P171896 [INFO] ConfigSet Infra-EmbeddedPostBuild
2025-12-24 08:52:55,412 P173556 [INFO] ************************************************************
2025-12-24 08:52:55,412 P173556 [INFO] ConfigSet Infra-EmbeddedPreBuild
2025-12-24 08:53:01,354 P173773 [INFO] ************************************************************
2025-12-24 08:53:01,354 P173773 [INFO] ConfigSet Infra-EmbeddedPostBuild
2025-12-24 09:01:08,842 P174506 [INFO] ************************************************************
2025-12-24 09:01:08,842 P174506 [INFO] ConfigSet Infra-EmbeddedPreBuild
2025-12-24 09:01:14,540 P174731 [INFO] ************************************************************
2025-12-24 09:01:14,540 P174731 [INFO] ConfigSet Infra-EmbeddedPostBuild
2025-12-24 09:11:12,145 P175512 [INFO] ************************************************************
2025-12-24 09:11:12,145 P175512 [INFO] ConfigSet Infra-EmbeddedPreBuild
2025-12-24 09:11:18,086 P175735 [INFO] ************************************************************
2025-12-24 09:11:18,086 P175735 [INFO] ConfigSet Infra-EmbeddedPostBuild
2025-12-24 09:17:04,038 P176433 [INFO] ************************************************************
2025-12-24 09:17:04,038 P176433 [INFO] ConfigSet Infra-EmbeddedPreBuild
2025-12-24 09:17:09,782 P176655 [INFO] ************************************************************
2025-12-24 09:17:09,783 P176655 [INFO] ConfigSet Infra-EmbeddedPostBuild
2025-12-24 09:24:18,411 P177322 [INFO] ************************************************************
2025-12-24 09:24:18,411 P177322 [INFO] ConfigSet Infra-EmbeddedPreBuild
2025-12-24 09:24:24,025 P177588 [INFO] ************************************************************
2025-12-24 09:24:24,025 P177588 [INFO] ConfigSet Infra-EmbeddedPostBuild
2025-12-24 09:32:52,827 P178317 [INFO] ************************************************************
2025-12-24 09:32:52,827 P178317 [INFO] ConfigSet Infra-EmbeddedPreBuild
2025-12-24 09:32:58,584 P178533 [INFO] ************************************************************
2025-12-24 09:32:58,584 P178533 [INFO] ConfigSet Infra-EmbeddedPostBuild
