Dec 21 05:14:17 ip-172-31-25-121 web[9682]: BASH=/usr/bin/bash
Dec 21 05:14:17 ip-172-31-25-121 web[9682]: BASHOPTS=checkwinsize:cmdhist:complete_fullquote:extquote:force_fignore:globasciiranges:globskipdots:hostcomplete:interactive_comments:login_shell:patsub_replacement:progcomp:promptvars:sourcepath
Dec 21 05:14:17 ip-172-31-25-121 web[9682]: BASHRCSOURCED=Y
Dec 21 05:14:17 ip-172-31-25-121 web[9682]: BASH_ALIASES=()
Dec 21 05:14:17 ip-172-31-25-121 web[9682]: BASH_ARGC=([0]="0")
Dec 21 05:14:17 ip-172-31-25-121 web[9682]: BASH_ARGV=()
Dec 21 05:14:17 ip-172-31-25-121 web[9682]: BASH_CMDS=()
Dec 21 05:14:17 ip-172-31-25-121 web[9682]: BASH_EXECUTION_STRING=set
Dec 21 05:14:17 ip-172-31-25-121 web[9682]: BASH_LINENO=()
Dec 21 05:14:17 ip-172-31-25-121 web[9682]: BASH_LOADABLES_PATH=/usr/local/lib/bash:/usr/lib/bash:/opt/local/lib/bash:/usr/pkg/lib/bash:/opt/pkg/lib/bash:.
Dec 21 05:14:17 ip-172-31-25-121 web[9682]: BASH_REMATCH=()
Dec 21 05:14:17 ip-172-31-25-121 web[9682]: BASH_SOURCE=()
Dec 21 05:14:17 ip-172-31-25-121 web[9682]: BASH_VERSINFO=([0]="5" [1]="2" [2]="15" [3]="1" [4]="release" [5]="aarch64-amazon-linux-gnu")
Dec 21 05:14:17 ip-172-31-25-121 web[9682]: BASH_VERSION='5.2.15(1)-release'
Dec 21 05:14:17 ip-172-31-25-121 web[9682]: DIRSTACK=()
Dec 21 05:14:17 ip-172-31-25-121 web[9682]: EUID=900
Dec 21 05:14:17 ip-172-31-25-121 web[9682]: GROUPS=()
Dec 21 05:14:17 ip-172-31-25-121 web[9682]: HISTCONTROL=ignoredups
Dec 21 05:14:17 ip-172-31-25-121 web[9682]: HISTSIZE=1000
Dec 21 05:14:17 ip-172-31-25-121 web[9682]: HOME=/home/webapp
Dec 21 05:14:17 ip-172-31-25-121 web[9682]: HOSTNAME=ip-172-31-25-121.ap-south-1.compute.internal
Dec 21 05:14:17 ip-172-31-25-121 web[9682]: HOSTTYPE=aarch64
Dec 21 05:14:17 ip-172-31-25-121 web[9682]: IFS=$' \t\n'
Dec 21 05:14:17 ip-172-31-25-121 web[9682]: INVOCATION_ID=f7851e01367f4fedb202a58464af5025
Dec 21 05:14:17 ip-172-31-25-121 web[9682]: JOURNAL_STREAM=8:52679
Dec 21 05:14:17 ip-172-31-25-121 web[9682]: LANG=en_US.UTF-8
Dec 21 05:14:17 ip-172-31-25-121 web[9682]: LESSOPEN='||/usr/bin/lesspipe.sh %s'
Dec 21 05:14:17 ip-172-31-25-121 web[9682]: LOGNAME=webapp
Dec 21 05:14:17 ip-172-31-25-121 web[9682]: MACHTYPE=aarch64-amazon-linux-gnu
Dec 21 05:14:17 ip-172-31-25-121 web[9682]: MAIL=/var/spool/mail/webapp
Dec 21 05:14:17 ip-172-31-25-121 web[9682]: OPTERR=1
Dec 21 05:14:17 ip-172-31-25-121 web[9682]: OPTIND=1
Dec 21 05:14:17 ip-172-31-25-121 web[9682]: OSTYPE=linux-gnu
Dec 21 05:14:17 ip-172-31-25-121 web[9682]: PATH=/home/webapp/.local/bin:/home/webapp/bin:/usr/local/sbin:/usr/local/bin:/usr/sbin:/usr/bin
Dec 21 05:14:17 ip-172-31-25-121 web[9682]: PIPESTATUS=([0]="0")
Dec 21 05:14:17 ip-172-31-25-121 web[9682]: PORT=8080
Dec 21 05:14:17 ip-172-31-25-121 web[9682]: PPID=1
Dec 21 05:14:17 ip-172-31-25-121 web[9682]: PS4='+ '
Dec 21 05:14:17 ip-172-31-25-121 web[9682]: PWD=/var/app/current
Dec 21 05:14:17 ip-172-31-25-121 web[9682]: SHELL=/bin/sh
Dec 21 05:14:17 ip-172-31-25-121 web[9682]: SHELLOPTS=braceexpand:hashall:interactive-comments
Dec 21 05:14:17 ip-172-31-25-121 web[9682]: SHLVL=1
Dec 21 05:14:17 ip-172-31-25-121 web[9682]: SYSTEMD_COLORS=false
Dec 21 05:14:17 ip-172-31-25-121 web[9682]: SYSTEMD_EXEC_PID=9682
Dec 21 05:14:17 ip-172-31-25-121 web[9682]: S_COLORS=auto
Dec 21 05:14:17 ip-172-31-25-121 web[9682]: TERM=dumb
Dec 21 05:14:17 ip-172-31-25-121 web[9682]: UID=900
Dec 21 05:14:17 ip-172-31-25-121 web[9682]: USER=webapp
Dec 21 05:14:17 ip-172-31-25-121 web[9682]: _=/home/webapp/.bashrc
Dec 21 05:14:17 ip-172-31-25-121 web[9682]: which_declare='declare -f'
Dec 21 05:14:17 ip-172-31-25-121 web[9682]: which_opt=-f
Dec 21 05:14:17 ip-172-31-25-121 web[9682]: which_shell=bash
Dec 21 05:14:17 ip-172-31-25-121 web[9682]: gawklibpath_append ()
Dec 21 05:14:17 ip-172-31-25-121 web[9682]: {
Dec 21 05:14:17 ip-172-31-25-121 web[9682]:    [ -z "$AWKLIBPATH" ] && AWKLIBPATH=`gawk 'BEGIN {print ENVIRON["AWKLIBPATH"]}'`;
Dec 21 05:14:17 ip-172-31-25-121 web[9682]:    export AWKLIBPATH="$AWKLIBPATH:$*"
Dec 21 05:14:17 ip-172-31-25-121 web[9682]: }
Dec 21 05:14:17 ip-172-31-25-121 web[9682]: gawklibpath_default ()
Dec 21 05:14:17 ip-172-31-25-121 web[9682]: {
Dec 21 05:14:17 ip-172-31-25-121 web[9682]:    unset AWKLIBPATH;
Dec 21 05:14:17 ip-172-31-25-121 web[9682]:    export AWKLIBPATH=`gawk 'BEGIN {print ENVIRON["AWKLIBPATH"]}'`
Dec 21 05:14:17 ip-172-31-25-121 web[9682]: }
Dec 21 05:14:17 ip-172-31-25-121 web[9682]: gawklibpath_prepend ()
Dec 21 05:14:17 ip-172-31-25-121 web[9682]: {
Dec 21 05:14:17 ip-172-31-25-121 web[9682]:    [ -z "$AWKLIBPATH" ] && AWKLIBPATH=`gawk 'BEGIN {print ENVIRON["AWKLIBPATH"]}'`;
Dec 21 05:14:17 ip-172-31-25-121 web[9682]:    export AWKLIBPATH="$*:$AWKLIBPATH"
Dec 21 05:14:17 ip-172-31-25-121 web[9682]: }
Dec 21 05:14:17 ip-172-31-25-121 web[9682]: gawkpath_append ()
Dec 21 05:14:17 ip-172-31-25-121 web[9682]: {
Dec 21 05:14:17 ip-172-31-25-121 web[9682]:    [ -z "$AWKPATH" ] && AWKPATH=`gawk 'BEGIN {print ENVIRON["AWKPATH"]}'`;
Dec 21 05:14:17 ip-172-31-25-121 web[9682]:    export AWKPATH="$AWKPATH:$*"
Dec 21 05:14:17 ip-172-31-25-121 web[9682]: }
Dec 21 05:14:17 ip-172-31-25-121 web[9682]: gawkpath_default ()
Dec 21 05:14:17 ip-172-31-25-121 web[9682]: {
Dec 21 05:14:17 ip-172-31-25-121 web[9682]:    unset AWKPATH;
Dec 21 05:14:17 ip-172-31-25-121 web[9682]:    export AWKPATH=`gawk 'BEGIN {print ENVIRON["AWKPATH"]}'`
Dec 21 05:14:17 ip-172-31-25-121 web[9682]: }
Dec 21 05:14:17 ip-172-31-25-121 web[9682]: gawkpath_prepend ()
Dec 21 05:14:17 ip-172-31-25-121 web[9682]: {
Dec 21 05:14:17 ip-172-31-25-121 web[9682]:    [ -z "$AWKPATH" ] && AWKPATH=`gawk 'BEGIN {print ENVIRON["AWKPATH"]}'`;
Dec 21 05:14:17 ip-172-31-25-121 web[9682]:    export AWKPATH="$*:$AWKPATH"
Dec 21 05:14:17 ip-172-31-25-121 web[9682]: }
Dec 21 05:14:17 ip-172-31-25-121 web[9682]: which ()
Dec 21 05:14:17 ip-172-31-25-121 web[9682]: {
Dec 21 05:14:17 ip-172-31-25-121 web[9682]:    ( alias;
Dec 21 05:14:17 ip-172-31-25-121 web[9682]:    eval ${which_declare} ) | /usr/bin/which --tty-only --read-alias --read-functions --show-tilde --show-dot "$@"
Dec 21 05:14:17 ip-172-31-25-121 web[9682]: }
Dec 21 05:14:17 ip-172-31-25-121 web[9750]: BASH=/usr/bin/bash
Dec 21 05:14:17 ip-172-31-25-121 web[9750]: BASHOPTS=checkwinsize:cmdhist:complete_fullquote:extquote:force_fignore:globasciiranges:globskipdots:hostcomplete:interactive_comments:login_shell:patsub_replacement:progcomp:promptvars:sourcepath
Dec 21 05:14:17 ip-172-31-25-121 web[9750]: BASHRCSOURCED=Y
Dec 21 05:14:17 ip-172-31-25-121 web[9750]: BASH_ALIASES=()
Dec 21 05:14:17 ip-172-31-25-121 web[9750]: BASH_ARGC=([0]="0")
Dec 21 05:14:17 ip-172-31-25-121 web[9750]: BASH_ARGV=()
Dec 21 05:14:17 ip-172-31-25-121 web[9750]: BASH_CMDS=()
Dec 21 05:14:17 ip-172-31-25-121 web[9750]: BASH_EXECUTION_STRING=set
Dec 21 05:14:17 ip-172-31-25-121 web[9750]: BASH_LINENO=()
Dec 21 05:14:17 ip-172-31-25-121 web[9750]: BASH_LOADABLES_PATH=/usr/local/lib/bash:/usr/lib/bash:/opt/local/lib/bash:/usr/pkg/lib/bash:/opt/pkg/lib/bash:.
Dec 21 05:14:17 ip-172-31-25-121 web[9750]: BASH_REMATCH=()
Dec 21 05:14:17 ip-172-31-25-121 web[9750]: BASH_SOURCE=()
Dec 21 05:14:17 ip-172-31-25-121 web[9750]: BASH_VERSINFO=([0]="5" [1]="2" [2]="15" [3]="1" [4]="release" [5]="aarch64-amazon-linux-gnu")
Dec 21 05:14:17 ip-172-31-25-121 web[9750]: BASH_VERSION='5.2.15(1)-release'
Dec 21 05:14:17 ip-172-31-25-121 web[9750]: DIRSTACK=()
Dec 21 05:14:17 ip-172-31-25-121 web[9750]: EUID=900
Dec 21 05:14:17 ip-172-31-25-121 web[9750]: GROUPS=()
Dec 21 05:14:17 ip-172-31-25-121 web[9750]: HISTCONTROL=ignoredups
Dec 21 05:14:17 ip-172-31-25-121 web[9750]: HISTSIZE=1000
Dec 21 05:14:17 ip-172-31-25-121 web[9750]: HOME=/home/webapp
Dec 21 05:14:17 ip-172-31-25-121 web[9750]: HOSTNAME=ip-172-31-25-121.ap-south-1.compute.internal
Dec 21 05:14:17 ip-172-31-25-121 web[9750]: HOSTTYPE=aarch64
Dec 21 05:14:17 ip-172-31-25-121 web[9750]: IFS=$' \t\n'
Dec 21 05:14:17 ip-172-31-25-121 web[9750]: INVOCATION_ID=e4dd9ef855384f82af8b2053edf67586
Dec 21 05:14:17 ip-172-31-25-121 web[9750]: JOURNAL_STREAM=8:52865
Dec 21 05:14:17 ip-172-31-25-121 web[9750]: LANG=en_US.UTF-8
Dec 21 05:14:17 ip-172-31-25-121 web[9750]: LESSOPEN='||/usr/bin/lesspipe.sh %s'
Dec 21 05:14:17 ip-172-31-25-121 web[9750]: LOGNAME=webapp
Dec 21 05:14:17 ip-172-31-25-121 web[9750]: MACHTYPE=aarch64-amazon-linux-gnu
Dec 21 05:14:17 ip-172-31-25-121 web[9750]: MAIL=/var/spool/mail/webapp
Dec 21 05:14:17 ip-172-31-25-121 web[9750]: OPTERR=1
Dec 21 05:14:17 ip-172-31-25-121 web[9750]: OPTIND=1
Dec 21 05:14:17 ip-172-31-25-121 web[9750]: OSTYPE=linux-gnu
Dec 21 05:14:17 ip-172-31-25-121 web[9750]: PATH=/home/webapp/.local/bin:/home/webapp/bin:/usr/local/sbin:/usr/local/bin:/usr/sbin:/usr/bin
Dec 21 05:14:17 ip-172-31-25-121 web[9750]: PIPESTATUS=([0]="0")
Dec 21 05:14:17 ip-172-31-25-121 web[9750]: PORT=8080
Dec 21 05:14:17 ip-172-31-25-121 web[9750]: PPID=1
Dec 21 05:14:17 ip-172-31-25-121 web[9750]: PS4='+ '
Dec 21 05:14:17 ip-172-31-25-121 web[9750]: PWD=/var/app/current
Dec 21 05:14:17 ip-172-31-25-121 web[9750]: SHELL=/bin/sh
Dec 21 05:14:17 ip-172-31-25-121 web[9750]: SHELLOPTS=braceexpand:hashall:interactive-comments
Dec 21 05:14:17 ip-172-31-25-121 web[9750]: SHLVL=1
Dec 21 05:14:17 ip-172-31-25-121 web[9750]: SYSTEMD_COLORS=false
Dec 21 05:14:17 ip-172-31-25-121 web[9750]: SYSTEMD_EXEC_PID=9750
Dec 21 05:14:17 ip-172-31-25-121 web[9750]: S_COLORS=auto
Dec 21 05:14:17 ip-172-31-25-121 web[9750]: TERM=dumb
Dec 21 05:14:17 ip-172-31-25-121 web[9750]: UID=900
Dec 21 05:14:17 ip-172-31-25-121 web[9750]: USER=webapp
Dec 21 05:14:17 ip-172-31-25-121 web[9750]: _=/home/webapp/.bashrc
Dec 21 05:14:17 ip-172-31-25-121 web[9750]: which_declare='declare -f'
Dec 21 05:14:17 ip-172-31-25-121 web[9750]: which_opt=-f
Dec 21 05:14:17 ip-172-31-25-121 web[9750]: which_shell=bash
Dec 21 05:14:17 ip-172-31-25-121 web[9750]: gawklibpath_append ()
Dec 21 05:14:17 ip-172-31-25-121 web[9750]: {
Dec 21 05:14:17 ip-172-31-25-121 web[9750]:    [ -z "$AWKLIBPATH" ] && AWKLIBPATH=`gawk 'BEGIN {print ENVIRON["AWKLIBPATH"]}'`;
Dec 21 05:14:17 ip-172-31-25-121 web[9750]:    export AWKLIBPATH="$AWKLIBPATH:$*"
Dec 21 05:14:17 ip-172-31-25-121 web[9750]: }
Dec 21 05:14:17 ip-172-31-25-121 web[9750]: gawklibpath_default ()
Dec 21 05:14:17 ip-172-31-25-121 web[9750]: {
Dec 21 05:14:17 ip-172-31-25-121 web[9750]:    unset AWKLIBPATH;
Dec 21 05:14:17 ip-172-31-25-121 web[9750]:    export AWKLIBPATH=`gawk 'BEGIN {print ENVIRON["AWKLIBPATH"]}'`
Dec 21 05:14:17 ip-172-31-25-121 web[9750]: }
Dec 21 05:14:17 ip-172-31-25-121 web[9750]: gawklibpath_prepend ()
Dec 21 05:14:17 ip-172-31-25-121 web[9750]: {
Dec 21 05:14:17 ip-172-31-25-121 web[9750]:    [ -z "$AWKLIBPATH" ] && AWKLIBPATH=`gawk 'BEGIN {print ENVIRON["AWKLIBPATH"]}'`;
Dec 21 05:14:17 ip-172-31-25-121 web[9750]:    export AWKLIBPATH="$*:$AWKLIBPATH"
Dec 21 05:14:17 ip-172-31-25-121 web[9750]: }
Dec 21 05:14:17 ip-172-31-25-121 web[9750]: gawkpath_append ()
Dec 21 05:14:17 ip-172-31-25-121 web[9750]: {
Dec 21 05:14:17 ip-172-31-25-121 web[9750]:    [ -z "$AWKPATH" ] && AWKPATH=`gawk 'BEGIN {print ENVIRON["AWKPATH"]}'`;
Dec 21 05:14:17 ip-172-31-25-121 web[9750]:    export AWKPATH="$AWKPATH:$*"
Dec 21 05:14:17 ip-172-31-25-121 web[9750]: }
Dec 21 05:14:17 ip-172-31-25-121 web[9750]: gawkpath_default ()
Dec 21 05:14:17 ip-172-31-25-121 web[9750]: {
Dec 21 05:14:17 ip-172-31-25-121 web[9750]:    unset AWKPATH;
Dec 21 05:14:17 ip-172-31-25-121 web[9750]:    export AWKPATH=`gawk 'BEGIN {print ENVIRON["AWKPATH"]}'`
Dec 21 05:14:17 ip-172-31-25-121 web[9750]: }
Dec 21 05:14:17 ip-172-31-25-121 web[9750]: gawkpath_prepend ()
Dec 21 05:14:17 ip-172-31-25-121 web[9750]: {
Dec 21 05:14:17 ip-172-31-25-121 web[9750]:    [ -z "$AWKPATH" ] && AWKPATH=`gawk 'BEGIN {print ENVIRON["AWKPATH"]}'`;
Dec 21 05:14:17 ip-172-31-25-121 web[9750]:    export AWKPATH="$*:$AWKPATH"
Dec 21 05:14:17 ip-172-31-25-121 web[9750]: }
Dec 21 05:14:17 ip-172-31-25-121 web[9750]: which ()
Dec 21 05:14:17 ip-172-31-25-121 web[9750]: {
Dec 21 05:14:17 ip-172-31-25-121 web[9750]:    ( alias;
Dec 21 05:14:17 ip-172-31-25-121 web[9750]:    eval ${which_declare} ) | /usr/bin/which --tty-only --read-alias --read-functions --show-tilde --show-dot "$@"
Dec 21 05:14:17 ip-172-31-25-121 web[9750]: }
Dec 21 05:14:18 ip-172-31-25-121 web[9774]: BASH=/usr/bin/bash
Dec 21 05:14:18 ip-172-31-25-121 web[9774]: BASHOPTS=checkwinsize:cmdhist:complete_fullquote:extquote:force_fignore:globasciiranges:globskipdots:hostcomplete:interactive_comments:login_shell:patsub_replacement:progcomp:promptvars:sourcepath
Dec 21 05:14:18 ip-172-31-25-121 web[9774]: BASHRCSOURCED=Y
Dec 21 05:14:18 ip-172-31-25-121 web[9774]: BASH_ALIASES=()
Dec 21 05:14:18 ip-172-31-25-121 web[9774]: BASH_ARGC=([0]="0")
Dec 21 05:14:18 ip-172-31-25-121 web[9774]: BASH_ARGV=()
Dec 21 05:14:18 ip-172-31-25-121 web[9774]: BASH_CMDS=()
Dec 21 05:14:18 ip-172-31-25-121 web[9774]: BASH_EXECUTION_STRING=set
Dec 21 05:14:18 ip-172-31-25-121 web[9774]: BASH_LINENO=()
Dec 21 05:14:18 ip-172-31-25-121 web[9774]: BASH_LOADABLES_PATH=/usr/local/lib/bash:/usr/lib/bash:/opt/local/lib/bash:/usr/pkg/lib/bash:/opt/pkg/lib/bash:.
Dec 21 05:14:18 ip-172-31-25-121 web[9774]: BASH_REMATCH=()
Dec 21 05:14:18 ip-172-31-25-121 web[9774]: BASH_SOURCE=()
Dec 21 05:14:18 ip-172-31-25-121 web[9774]: BASH_VERSINFO=([0]="5" [1]="2" [2]="15" [3]="1" [4]="release" [5]="aarch64-amazon-linux-gnu")
Dec 21 05:14:18 ip-172-31-25-121 web[9774]: BASH_VERSION='5.2.15(1)-release'
Dec 21 05:14:18 ip-172-31-25-121 web[9774]: DIRSTACK=()
Dec 21 05:14:18 ip-172-31-25-121 web[9774]: EUID=900
Dec 21 05:14:18 ip-172-31-25-121 web[9774]: GROUPS=()
Dec 21 05:14:18 ip-172-31-25-121 web[9774]: HISTCONTROL=ignoredups
Dec 21 05:14:18 ip-172-31-25-121 web[9774]: HISTSIZE=1000
Dec 21 05:14:18 ip-172-31-25-121 web[9774]: HOME=/home/webapp
Dec 21 05:14:18 ip-172-31-25-121 web[9774]: HOSTNAME=ip-172-31-25-121.ap-south-1.compute.internal
Dec 21 05:14:18 ip-172-31-25-121 web[9774]: HOSTTYPE=aarch64
Dec 21 05:14:18 ip-172-31-25-121 web[9774]: IFS=$' \t\n'
Dec 21 05:14:18 ip-172-31-25-121 web[9774]: INVOCATION_ID=eaca058af74d4a4f857d9dba3d02bbc4
Dec 21 05:14:18 ip-172-31-25-121 web[9774]: JOURNAL_STREAM=8:52915
Dec 21 05:14:18 ip-172-31-25-121 web[9774]: LANG=en_US.UTF-8
Dec 21 05:14:18 ip-172-31-25-121 web[9774]: LESSOPEN='||/usr/bin/lesspipe.sh %s'
Dec 21 05:14:18 ip-172-31-25-121 web[9774]: LOGNAME=webapp
Dec 21 05:14:18 ip-172-31-25-121 web[9774]: MACHTYPE=aarch64-amazon-linux-gnu
Dec 21 05:14:18 ip-172-31-25-121 web[9774]: MAIL=/var/spool/mail/webapp
Dec 21 05:14:18 ip-172-31-25-121 web[9774]: OPTERR=1
Dec 21 05:14:18 ip-172-31-25-121 web[9774]: OPTIND=1
Dec 21 05:14:18 ip-172-31-25-121 web[9774]: OSTYPE=linux-gnu
Dec 21 05:14:18 ip-172-31-25-121 web[9774]: PATH=/home/webapp/.local/bin:/home/webapp/bin:/usr/local/sbin:/usr/local/bin:/usr/sbin:/usr/bin
Dec 21 05:14:18 ip-172-31-25-121 web[9774]: PIPESTATUS=([0]="0")
Dec 21 05:14:18 ip-172-31-25-121 web[9774]: PORT=8080
Dec 21 05:14:18 ip-172-31-25-121 web[9774]: PPID=1
Dec 21 05:14:18 ip-172-31-25-121 web[9774]: PS4='+ '
Dec 21 05:14:18 ip-172-31-25-121 web[9774]: PWD=/var/app/current
Dec 21 05:14:18 ip-172-31-25-121 web[9774]: SHELL=/bin/sh
Dec 21 05:14:18 ip-172-31-25-121 web[9774]: SHELLOPTS=braceexpand:hashall:interactive-comments
Dec 21 05:14:18 ip-172-31-25-121 web[9774]: SHLVL=1
Dec 21 05:14:18 ip-172-31-25-121 web[9774]: SYSTEMD_COLORS=false
Dec 21 05:14:18 ip-172-31-25-121 web[9774]: SYSTEMD_EXEC_PID=9774
Dec 21 05:14:18 ip-172-31-25-121 web[9774]: S_COLORS=auto
Dec 21 05:14:18 ip-172-31-25-121 web[9774]: TERM=dumb
Dec 21 05:14:18 ip-172-31-25-121 web[9774]: UID=900
Dec 21 05:14:18 ip-172-31-25-121 web[9774]: USER=webapp
Dec 21 05:14:18 ip-172-31-25-121 web[9774]: _=/home/webapp/.bashrc
Dec 21 05:14:18 ip-172-31-25-121 web[9774]: which_declare='declare -f'
Dec 21 05:14:18 ip-172-31-25-121 web[9774]: which_opt=-f
Dec 21 05:14:18 ip-172-31-25-121 web[9774]: which_shell=bash
Dec 21 05:14:18 ip-172-31-25-121 web[9774]: gawklibpath_append ()
Dec 21 05:14:18 ip-172-31-25-121 web[9774]: {
Dec 21 05:14:18 ip-172-31-25-121 web[9774]:    [ -z "$AWKLIBPATH" ] && AWKLIBPATH=`gawk 'BEGIN {print ENVIRON["AWKLIBPATH"]}'`;
Dec 21 05:14:18 ip-172-31-25-121 web[9774]:    export AWKLIBPATH="$AWKLIBPATH:$*"
Dec 21 05:14:18 ip-172-31-25-121 web[9774]: }
Dec 21 05:14:18 ip-172-31-25-121 web[9774]: gawklibpath_default ()
Dec 21 05:14:18 ip-172-31-25-121 web[9774]: {
Dec 21 05:14:18 ip-172-31-25-121 web[9774]:    unset AWKLIBPATH;
Dec 21 05:14:18 ip-172-31-25-121 web[9774]:    export AWKLIBPATH=`gawk 'BEGIN {print ENVIRON["AWKLIBPATH"]}'`
Dec 21 05:14:18 ip-172-31-25-121 web[9774]: }
Dec 21 05:14:18 ip-172-31-25-121 web[9774]: gawklibpath_prepend ()
Dec 21 05:14:18 ip-172-31-25-121 web[9774]: {
Dec 21 05:14:18 ip-172-31-25-121 web[9774]:    [ -z "$AWKLIBPATH" ] && AWKLIBPATH=`gawk 'BEGIN {print ENVIRON["AWKLIBPATH"]}'`;
Dec 21 05:14:18 ip-172-31-25-121 web[9774]:    export AWKLIBPATH="$*:$AWKLIBPATH"
Dec 21 05:14:18 ip-172-31-25-121 web[9774]: }
Dec 21 05:14:18 ip-172-31-25-121 web[9774]: gawkpath_append ()
Dec 21 05:14:18 ip-172-31-25-121 web[9774]: {
Dec 21 05:14:18 ip-172-31-25-121 web[9774]:    [ -z "$AWKPATH" ] && AWKPATH=`gawk 'BEGIN {print ENVIRON["AWKPATH"]}'`;
Dec 21 05:14:18 ip-172-31-25-121 web[9774]:    export AWKPATH="$AWKPATH:$*"
Dec 21 05:14:18 ip-172-31-25-121 web[9774]: }
Dec 21 05:14:18 ip-172-31-25-121 web[9774]: gawkpath_default ()
Dec 21 05:14:18 ip-172-31-25-121 web[9774]: {
Dec 21 05:14:18 ip-172-31-25-121 web[9774]:    unset AWKPATH;
Dec 21 05:14:18 ip-172-31-25-121 web[9774]:    export AWKPATH=`gawk 'BEGIN {print ENVIRON["AWKPATH"]}'`
Dec 21 05:14:18 ip-172-31-25-121 web[9774]: }
Dec 21 05:14:18 ip-172-31-25-121 web[9774]: gawkpath_prepend ()
Dec 21 05:14:18 ip-172-31-25-121 web[9774]: {
Dec 21 05:14:18 ip-172-31-25-121 web[9774]:    [ -z "$AWKPATH" ] && AWKPATH=`gawk 'BEGIN {print ENVIRON["AWKPATH"]}'`;
Dec 21 05:14:18 ip-172-31-25-121 web[9774]:    export AWKPATH="$*:$AWKPATH"
Dec 21 05:14:18 ip-172-31-25-121 web[9774]: }
Dec 21 05:14:18 ip-172-31-25-121 web[9774]: which ()
Dec 21 05:14:18 ip-172-31-25-121 web[9774]: {
Dec 21 05:14:18 ip-172-31-25-121 web[9774]:    ( alias;
Dec 21 05:14:18 ip-172-31-25-121 web[9774]:    eval ${which_declare} ) | /usr/bin/which --tty-only --read-alias --read-functions --show-tilde --show-dot "$@"
Dec 21 05:14:18 ip-172-31-25-121 web[9774]: }
Dec 21 05:14:18 ip-172-31-25-121 web[9795]: BASH=/usr/bin/bash
Dec 21 05:14:18 ip-172-31-25-121 web[9795]: BASHOPTS=checkwinsize:cmdhist:complete_fullquote:extquote:force_fignore:globasciiranges:globskipdots:hostcomplete:interactive_comments:login_shell:patsub_replacement:progcomp:promptvars:sourcepath
Dec 21 05:14:18 ip-172-31-25-121 web[9795]: BASHRCSOURCED=Y
Dec 21 05:14:18 ip-172-31-25-121 web[9795]: BASH_ALIASES=()
Dec 21 05:14:18 ip-172-31-25-121 web[9795]: BASH_ARGC=([0]="0")
Dec 21 05:14:18 ip-172-31-25-121 web[9795]: BASH_ARGV=()
Dec 21 05:14:18 ip-172-31-25-121 web[9795]: BASH_CMDS=()
Dec 21 05:14:18 ip-172-31-25-121 web[9795]: BASH_EXECUTION_STRING=set
Dec 21 05:14:18 ip-172-31-25-121 web[9795]: BASH_LINENO=()
Dec 21 05:14:18 ip-172-31-25-121 web[9795]: BASH_LOADABLES_PATH=/usr/local/lib/bash:/usr/lib/bash:/opt/local/lib/bash:/usr/pkg/lib/bash:/opt/pkg/lib/bash:.
Dec 21 05:14:18 ip-172-31-25-121 web[9795]: BASH_REMATCH=()
Dec 21 05:14:18 ip-172-31-25-121 web[9795]: BASH_SOURCE=()
Dec 21 05:14:18 ip-172-31-25-121 web[9795]: BASH_VERSINFO=([0]="5" [1]="2" [2]="15" [3]="1" [4]="release" [5]="aarch64-amazon-linux-gnu")
Dec 21 05:14:18 ip-172-31-25-121 web[9795]: BASH_VERSION='5.2.15(1)-release'
Dec 21 05:14:18 ip-172-31-25-121 web[9795]: DIRSTACK=()
Dec 21 05:14:18 ip-172-31-25-121 web[9795]: EUID=900
Dec 21 05:14:18 ip-172-31-25-121 web[9795]: GROUPS=()
Dec 21 05:14:18 ip-172-31-25-121 web[9795]: HISTCONTROL=ignoredups
Dec 21 05:14:18 ip-172-31-25-121 web[9795]: HISTSIZE=1000
Dec 21 05:14:18 ip-172-31-25-121 web[9795]: HOME=/home/webapp
Dec 21 05:14:18 ip-172-31-25-121 web[9795]: HOSTNAME=ip-172-31-25-121.ap-south-1.compute.internal
Dec 21 05:14:18 ip-172-31-25-121 web[9795]: HOSTTYPE=aarch64
Dec 21 05:14:18 ip-172-31-25-121 web[9795]: IFS=$' \t\n'
Dec 21 05:14:18 ip-172-31-25-121 web[9795]: INVOCATION_ID=b0b51c1b31c9449f987566bfe20ccd37
Dec 21 05:14:18 ip-172-31-25-121 web[9795]: JOURNAL_STREAM=8:52954
Dec 21 05:14:18 ip-172-31-25-121 web[9795]: LANG=en_US.UTF-8
Dec 21 05:14:18 ip-172-31-25-121 web[9795]: LESSOPEN='||/usr/bin/lesspipe.sh %s'
Dec 21 05:14:18 ip-172-31-25-121 web[9795]: LOGNAME=webapp
Dec 21 05:14:18 ip-172-31-25-121 web[9795]: MACHTYPE=aarch64-amazon-linux-gnu
Dec 21 05:14:18 ip-172-31-25-121 web[9795]: MAIL=/var/spool/mail/webapp
Dec 21 05:14:18 ip-172-31-25-121 web[9795]: OPTERR=1
Dec 21 05:14:18 ip-172-31-25-121 web[9795]: OPTIND=1
Dec 21 05:14:18 ip-172-31-25-121 web[9795]: OSTYPE=linux-gnu
Dec 21 05:14:18 ip-172-31-25-121 web[9795]: PATH=/home/webapp/.local/bin:/home/webapp/bin:/usr/local/sbin:/usr/local/bin:/usr/sbin:/usr/bin
Dec 21 05:14:18 ip-172-31-25-121 web[9795]: PIPESTATUS=([0]="0")
Dec 21 05:14:18 ip-172-31-25-121 web[9795]: PORT=8080
Dec 21 05:14:18 ip-172-31-25-121 web[9795]: PPID=1
Dec 21 05:14:18 ip-172-31-25-121 web[9795]: PS4='+ '
Dec 21 05:14:18 ip-172-31-25-121 web[9795]: PWD=/var/app/current
Dec 21 05:14:18 ip-172-31-25-121 web[9795]: SHELL=/bin/sh
Dec 21 05:14:18 ip-172-31-25-121 web[9795]: SHELLOPTS=braceexpand:hashall:interactive-comments
Dec 21 05:14:18 ip-172-31-25-121 web[9795]: SHLVL=1
Dec 21 05:14:18 ip-172-31-25-121 web[9795]: SYSTEMD_COLORS=false
Dec 21 05:14:18 ip-172-31-25-121 web[9795]: SYSTEMD_EXEC_PID=9795
Dec 21 05:14:18 ip-172-31-25-121 web[9795]: S_COLORS=auto
Dec 21 05:14:18 ip-172-31-25-121 web[9795]: TERM=dumb
Dec 21 05:14:18 ip-172-31-25-121 web[9795]: UID=900
Dec 21 05:14:18 ip-172-31-25-121 web[9795]: USER=webapp
Dec 21 05:14:18 ip-172-31-25-121 web[9795]: _=/home/webapp/.bashrc
Dec 21 05:14:18 ip-172-31-25-121 web[9795]: which_declare='declare -f'
Dec 21 05:14:18 ip-172-31-25-121 web[9795]: which_opt=-f
Dec 21 05:14:18 ip-172-31-25-121 web[9795]: which_shell=bash
Dec 21 05:14:18 ip-172-31-25-121 web[9795]: gawklibpath_append ()
Dec 21 05:14:18 ip-172-31-25-121 web[9795]: {
Dec 21 05:14:18 ip-172-31-25-121 web[9795]:    [ -z "$AWKLIBPATH" ] && AWKLIBPATH=`gawk 'BEGIN {print ENVIRON["AWKLIBPATH"]}'`;
Dec 21 05:14:18 ip-172-31-25-121 web[9795]:    export AWKLIBPATH="$AWKLIBPATH:$*"
Dec 21 05:14:18 ip-172-31-25-121 web[9795]: }
Dec 21 05:14:18 ip-172-31-25-121 web[9795]: gawklibpath_default ()
Dec 21 05:14:18 ip-172-31-25-121 web[9795]: {
Dec 21 05:14:18 ip-172-31-25-121 web[9795]:    unset AWKLIBPATH;
Dec 21 05:14:18 ip-172-31-25-121 web[9795]:    export AWKLIBPATH=`gawk 'BEGIN {print ENVIRON["AWKLIBPATH"]}'`
Dec 21 05:14:18 ip-172-31-25-121 web[9795]: }
Dec 21 05:14:18 ip-172-31-25-121 web[9795]: gawklibpath_prepend ()
Dec 21 05:14:18 ip-172-31-25-121 web[9795]: {
Dec 21 05:14:18 ip-172-31-25-121 web[9795]:    [ -z "$AWKLIBPATH" ] && AWKLIBPATH=`gawk 'BEGIN {print ENVIRON["AWKLIBPATH"]}'`;
Dec 21 05:14:18 ip-172-31-25-121 web[9795]:    export AWKLIBPATH="$*:$AWKLIBPATH"
Dec 21 05:14:18 ip-172-31-25-121 web[9795]: }
Dec 21 05:14:18 ip-172-31-25-121 web[9795]: gawkpath_append ()
Dec 21 05:14:18 ip-172-31-25-121 web[9795]: {
Dec 21 05:14:18 ip-172-31-25-121 web[9795]:    [ -z "$AWKPATH" ] && AWKPATH=`gawk 'BEGIN {print ENVIRON["AWKPATH"]}'`;
Dec 21 05:14:18 ip-172-31-25-121 web[9795]:    export AWKPATH="$AWKPATH:$*"
Dec 21 05:14:18 ip-172-31-25-121 web[9795]: }
Dec 21 05:14:18 ip-172-31-25-121 web[9795]: gawkpath_default ()
Dec 21 05:14:18 ip-172-31-25-121 web[9795]: {
Dec 21 05:14:18 ip-172-31-25-121 web[9795]:    unset AWKPATH;
Dec 21 05:14:18 ip-172-31-25-121 web[9795]:    export AWKPATH=`gawk 'BEGIN {print ENVIRON["AWKPATH"]}'`
Dec 21 05:14:18 ip-172-31-25-121 web[9795]: }
Dec 21 05:14:18 ip-172-31-25-121 web[9795]: gawkpath_prepend ()
Dec 21 05:14:18 ip-172-31-25-121 web[9795]: {
Dec 21 05:14:18 ip-172-31-25-121 web[9795]:    [ -z "$AWKPATH" ] && AWKPATH=`gawk 'BEGIN {print ENVIRON["AWKPATH"]}'`;
Dec 21 05:14:18 ip-172-31-25-121 web[9795]:    export AWKPATH="$*:$AWKPATH"
Dec 21 05:14:18 ip-172-31-25-121 web[9795]: }
Dec 21 05:14:18 ip-172-31-25-121 web[9795]: which ()
Dec 21 05:14:18 ip-172-31-25-121 web[9795]: {
Dec 21 05:14:18 ip-172-31-25-121 web[9795]:    ( alias;
Dec 21 05:14:18 ip-172-31-25-121 web[9795]:    eval ${which_declare} ) | /usr/bin/which --tty-only --read-alias --read-functions --show-tilde --show-dot "$@"
Dec 21 05:14:18 ip-172-31-25-121 web[9795]: }
Dec 21 05:14:18 ip-172-31-25-121 web[9816]: BASH=/usr/bin/bash
Dec 21 05:14:18 ip-172-31-25-121 web[9816]: BASHOPTS=checkwinsize:cmdhist:complete_fullquote:extquote:force_fignore:globasciiranges:globskipdots:hostcomplete:interactive_comments:login_shell:patsub_replacement:progcomp:promptvars:sourcepath
Dec 21 05:14:18 ip-172-31-25-121 web[9816]: BASHRCSOURCED=Y
Dec 21 05:14:18 ip-172-31-25-121 web[9816]: BASH_ALIASES=()
Dec 21 05:14:18 ip-172-31-25-121 web[9816]: BASH_ARGC=([0]="0")
Dec 21 05:14:18 ip-172-31-25-121 web[9816]: BASH_ARGV=()
Dec 21 05:14:18 ip-172-31-25-121 web[9816]: BASH_CMDS=()
Dec 21 05:14:18 ip-172-31-25-121 web[9816]: BASH_EXECUTION_STRING=set
Dec 21 05:14:18 ip-172-31-25-121 web[9816]: BASH_LINENO=()
Dec 21 05:14:18 ip-172-31-25-121 web[9816]: BASH_LOADABLES_PATH=/usr/local/lib/bash:/usr/lib/bash:/opt/local/lib/bash:/usr/pkg/lib/bash:/opt/pkg/lib/bash:.
Dec 21 05:14:18 ip-172-31-25-121 web[9816]: BASH_REMATCH=()
Dec 21 05:14:18 ip-172-31-25-121 web[9816]: BASH_SOURCE=()
Dec 21 05:14:18 ip-172-31-25-121 web[9816]: BASH_VERSINFO=([0]="5" [1]="2" [2]="15" [3]="1" [4]="release" [5]="aarch64-amazon-linux-gnu")
Dec 21 05:14:18 ip-172-31-25-121 web[9816]: BASH_VERSION='5.2.15(1)-release'
Dec 21 05:14:18 ip-172-31-25-121 web[9816]: DIRSTACK=()
Dec 21 05:14:18 ip-172-31-25-121 web[9816]: EUID=900
Dec 21 05:14:18 ip-172-31-25-121 web[9816]: GROUPS=()
Dec 21 05:14:18 ip-172-31-25-121 web[9816]: HISTCONTROL=ignoredups
Dec 21 05:14:18 ip-172-31-25-121 web[9816]: HISTSIZE=1000
Dec 21 05:14:18 ip-172-31-25-121 web[9816]: HOME=/home/webapp
Dec 21 05:14:18 ip-172-31-25-121 web[9816]: HOSTNAME=ip-172-31-25-121.ap-south-1.compute.internal
Dec 21 05:14:18 ip-172-31-25-121 web[9816]: HOSTTYPE=aarch64
Dec 21 05:14:18 ip-172-31-25-121 web[9816]: IFS=$' \t\n'
Dec 21 05:14:18 ip-172-31-25-121 web[9816]: INVOCATION_ID=b2bd48fec4f5423498d3b9dc2f28af5d
Dec 21 05:14:18 ip-172-31-25-121 web[9816]: JOURNAL_STREAM=8:52994
Dec 21 05:14:18 ip-172-31-25-121 web[9816]: LANG=en_US.UTF-8
Dec 21 05:14:18 ip-172-31-25-121 web[9816]: LESSOPEN='||/usr/bin/lesspipe.sh %s'
Dec 21 05:14:18 ip-172-31-25-121 web[9816]: LOGNAME=webapp
Dec 21 05:14:18 ip-172-31-25-121 web[9816]: MACHTYPE=aarch64-amazon-linux-gnu
Dec 21 05:14:18 ip-172-31-25-121 web[9816]: MAIL=/var/spool/mail/webapp
Dec 21 05:14:18 ip-172-31-25-121 web[9816]: OPTERR=1
Dec 21 05:14:18 ip-172-31-25-121 web[9816]: OPTIND=1
Dec 21 05:14:18 ip-172-31-25-121 web[9816]: OSTYPE=linux-gnu
Dec 21 05:14:18 ip-172-31-25-121 web[9816]: PATH=/home/webapp/.local/bin:/home/webapp/bin:/usr/local/sbin:/usr/local/bin:/usr/sbin:/usr/bin
Dec 21 05:14:18 ip-172-31-25-121 web[9816]: PIPESTATUS=([0]="0")
Dec 21 05:14:18 ip-172-31-25-121 web[9816]: PORT=8080
Dec 21 05:14:18 ip-172-31-25-121 web[9816]: PPID=1
Dec 21 05:14:18 ip-172-31-25-121 web[9816]: PS4='+ '
Dec 21 05:14:18 ip-172-31-25-121 web[9816]: PWD=/var/app/current
Dec 21 05:14:18 ip-172-31-25-121 web[9816]: SHELL=/bin/sh
Dec 21 05:14:18 ip-172-31-25-121 web[9816]: SHELLOPTS=braceexpand:hashall:interactive-comments
Dec 21 05:14:18 ip-172-31-25-121 web[9816]: SHLVL=1
Dec 21 05:14:18 ip-172-31-25-121 web[9816]: SYSTEMD_COLORS=false
Dec 21 05:14:18 ip-172-31-25-121 web[9816]: SYSTEMD_EXEC_PID=9816
Dec 21 05:14:18 ip-172-31-25-121 web[9816]: S_COLORS=auto
Dec 21 05:14:18 ip-172-31-25-121 web[9816]: TERM=dumb
Dec 21 05:14:18 ip-172-31-25-121 web[9816]: UID=900
Dec 21 05:14:18 ip-172-31-25-121 web[9816]: USER=webapp
Dec 21 05:14:18 ip-172-31-25-121 web[9816]: _=/home/webapp/.bashrc
Dec 21 05:14:18 ip-172-31-25-121 web[9816]: which_declare='declare -f'
Dec 21 05:14:18 ip-172-31-25-121 web[9816]: which_opt=-f
Dec 21 05:14:18 ip-172-31-25-121 web[9816]: which_shell=bash
Dec 21 05:14:18 ip-172-31-25-121 web[9816]: gawklibpath_append ()
Dec 21 05:14:18 ip-172-31-25-121 web[9816]: {
Dec 21 05:14:18 ip-172-31-25-121 web[9816]:    [ -z "$AWKLIBPATH" ] && AWKLIBPATH=`gawk 'BEGIN {print ENVIRON["AWKLIBPATH"]}'`;
Dec 21 05:14:18 ip-172-31-25-121 web[9816]:    export AWKLIBPATH="$AWKLIBPATH:$*"
Dec 21 05:14:18 ip-172-31-25-121 web[9816]: }
Dec 21 05:14:18 ip-172-31-25-121 web[9816]: gawklibpath_default ()
Dec 21 05:14:18 ip-172-31-25-121 web[9816]: {
Dec 21 05:14:18 ip-172-31-25-121 web[9816]:    unset AWKLIBPATH;
Dec 21 05:14:18 ip-172-31-25-121 web[9816]:    export AWKLIBPATH=`gawk 'BEGIN {print ENVIRON["AWKLIBPATH"]}'`
Dec 21 05:14:18 ip-172-31-25-121 web[9816]: }
Dec 21 05:14:18 ip-172-31-25-121 web[9816]: gawklibpath_prepend ()
Dec 21 05:14:18 ip-172-31-25-121 web[9816]: {
Dec 21 05:14:18 ip-172-31-25-121 web[9816]:    [ -z "$AWKLIBPATH" ] && AWKLIBPATH=`gawk 'BEGIN {print ENVIRON["AWKLIBPATH"]}'`;
Dec 21 05:14:18 ip-172-31-25-121 web[9816]:    export AWKLIBPATH="$*:$AWKLIBPATH"
Dec 21 05:14:18 ip-172-31-25-121 web[9816]: }
Dec 21 05:14:18 ip-172-31-25-121 web[9816]: gawkpath_append ()
Dec 21 05:14:18 ip-172-31-25-121 web[9816]: {
Dec 21 05:14:18 ip-172-31-25-121 web[9816]:    [ -z "$AWKPATH" ] && AWKPATH=`gawk 'BEGIN {print ENVIRON["AWKPATH"]}'`;
Dec 21 05:14:18 ip-172-31-25-121 web[9816]:    export AWKPATH="$AWKPATH:$*"
Dec 21 05:14:18 ip-172-31-25-121 web[9816]: }
Dec 21 05:14:18 ip-172-31-25-121 web[9816]: gawkpath_default ()
Dec 21 05:14:18 ip-172-31-25-121 web[9816]: {
Dec 21 05:14:18 ip-172-31-25-121 web[9816]:    unset AWKPATH;
Dec 21 05:14:18 ip-172-31-25-121 web[9816]:    export AWKPATH=`gawk 'BEGIN {print ENVIRON["AWKPATH"]}'`
Dec 21 05:14:18 ip-172-31-25-121 web[9816]: }
Dec 21 05:14:18 ip-172-31-25-121 web[9816]: gawkpath_prepend ()
Dec 21 05:14:18 ip-172-31-25-121 web[9816]: {
Dec 21 05:14:18 ip-172-31-25-121 web[9816]:    [ -z "$AWKPATH" ] && AWKPATH=`gawk 'BEGIN {print ENVIRON["AWKPATH"]}'`;
Dec 21 05:14:18 ip-172-31-25-121 web[9816]:    export AWKPATH="$*:$AWKPATH"
Dec 21 05:14:18 ip-172-31-25-121 web[9816]: }
Dec 21 05:14:18 ip-172-31-25-121 web[9816]: which ()
Dec 21 05:14:18 ip-172-31-25-121 web[9816]: {
Dec 21 05:14:18 ip-172-31-25-121 web[9816]:    ( alias;
Dec 21 05:14:18 ip-172-31-25-121 web[9816]:    eval ${which_declare} ) | /usr/bin/which --tty-only --read-alias --read-functions --show-tilde --show-dot "$@"
Dec 21 05:14:18 ip-172-31-25-121 web[9816]: }
Dec 21 05:14:18 ip-172-31-25-121 web[9837]: BASH=/usr/bin/bash
Dec 21 05:14:18 ip-172-31-25-121 web[9837]: BASHOPTS=checkwinsize:cmdhist:complete_fullquote:extquote:force_fignore:globasciiranges:globskipdots:hostcomplete:interactive_comments:login_shell:patsub_replacement:progcomp:promptvars:sourcepath
Dec 21 05:14:18 ip-172-31-25-121 web[9837]: BASHRCSOURCED=Y
Dec 21 05:14:18 ip-172-31-25-121 web[9837]: BASH_ALIASES=()
Dec 21 05:14:18 ip-172-31-25-121 web[9837]: BASH_ARGC=([0]="0")
Dec 21 05:14:18 ip-172-31-25-121 web[9837]: BASH_ARGV=()
Dec 21 05:14:18 ip-172-31-25-121 web[9837]: BASH_CMDS=()
Dec 21 05:14:18 ip-172-31-25-121 web[9837]: BASH_EXECUTION_STRING=set
Dec 21 05:14:18 ip-172-31-25-121 web[9837]: BASH_LINENO=()
Dec 21 05:14:18 ip-172-31-25-121 web[9837]: BASH_LOADABLES_PATH=/usr/local/lib/bash:/usr/lib/bash:/opt/local/lib/bash:/usr/pkg/lib/bash:/opt/pkg/lib/bash:.
Dec 21 05:14:18 ip-172-31-25-121 web[9837]: BASH_REMATCH=()
Dec 21 05:14:18 ip-172-31-25-121 web[9837]: BASH_SOURCE=()
Dec 21 05:14:18 ip-172-31-25-121 web[9837]: BASH_VERSINFO=([0]="5" [1]="2" [2]="15" [3]="1" [4]="release" [5]="aarch64-amazon-linux-gnu")
Dec 21 05:14:18 ip-172-31-25-121 web[9837]: BASH_VERSION='5.2.15(1)-release'
Dec 21 05:14:18 ip-172-31-25-121 web[9837]: DIRSTACK=()
Dec 21 05:14:18 ip-172-31-25-121 web[9837]: EUID=900
Dec 21 05:14:18 ip-172-31-25-121 web[9837]: GROUPS=()
Dec 21 05:14:18 ip-172-31-25-121 web[9837]: HISTCONTROL=ignoredups
Dec 21 05:14:18 ip-172-31-25-121 web[9837]: HISTSIZE=1000
Dec 21 05:14:18 ip-172-31-25-121 web[9837]: HOME=/home/webapp
Dec 21 05:14:18 ip-172-31-25-121 web[9837]: HOSTNAME=ip-172-31-25-121.ap-south-1.compute.internal
Dec 21 05:14:18 ip-172-31-25-121 web[9837]: HOSTTYPE=aarch64
Dec 21 05:14:18 ip-172-31-25-121 web[9837]: IFS=$' \t\n'
Dec 21 05:14:18 ip-172-31-25-121 web[9837]: INVOCATION_ID=df74d28cb0ef45b0bcda9e355e1ad6e1
Dec 21 05:14:18 ip-172-31-25-121 web[9837]: JOURNAL_STREAM=8:53302
Dec 21 05:14:18 ip-172-31-25-121 web[9837]: LANG=en_US.UTF-8
Dec 21 05:14:18 ip-172-31-25-121 web[9837]: LESSOPEN='||/usr/bin/lesspipe.sh %s'
Dec 21 05:14:18 ip-172-31-25-121 web[9837]: LOGNAME=webapp
Dec 21 05:14:18 ip-172-31-25-121 web[9837]: MACHTYPE=aarch64-amazon-linux-gnu
Dec 21 05:14:18 ip-172-31-25-121 web[9837]: MAIL=/var/spool/mail/webapp
Dec 21 05:14:18 ip-172-31-25-121 web[9837]: OPTERR=1
Dec 21 05:14:18 ip-172-31-25-121 web[9837]: OPTIND=1
Dec 21 05:14:18 ip-172-31-25-121 web[9837]: OSTYPE=linux-gnu
Dec 21 05:14:18 ip-172-31-25-121 web[9837]: PATH=/home/webapp/.local/bin:/home/webapp/bin:/usr/local/sbin:/usr/local/bin:/usr/sbin:/usr/bin
Dec 21 05:14:18 ip-172-31-25-121 web[9837]: PIPESTATUS=([0]="0")
Dec 21 05:14:18 ip-172-31-25-121 web[9837]: PORT=8080
Dec 21 05:14:18 ip-172-31-25-121 web[9837]: PPID=1
Dec 21 05:14:18 ip-172-31-25-121 web[9837]: PS4='+ '
Dec 21 05:14:18 ip-172-31-25-121 web[9837]: PWD=/var/app/current
Dec 21 05:14:18 ip-172-31-25-121 web[9837]: SHELL=/bin/sh
Dec 21 05:14:18 ip-172-31-25-121 web[9837]: SHELLOPTS=braceexpand:hashall:interactive-comments
Dec 21 05:14:18 ip-172-31-25-121 web[9837]: SHLVL=1
Dec 21 05:14:18 ip-172-31-25-121 web[9837]: SYSTEMD_COLORS=false
Dec 21 05:14:18 ip-172-31-25-121 web[9837]: SYSTEMD_EXEC_PID=9837
Dec 21 05:14:18 ip-172-31-25-121 web[9837]: S_COLORS=auto
Dec 21 05:14:18 ip-172-31-25-121 web[9837]: TERM=dumb
Dec 21 05:14:18 ip-172-31-25-121 web[9837]: UID=900
Dec 21 05:14:18 ip-172-31-25-121 web[9837]: USER=webapp
Dec 21 05:14:18 ip-172-31-25-121 web[9837]: _=/home/webapp/.bashrc
Dec 21 05:14:18 ip-172-31-25-121 web[9837]: which_declare='declare -f'
Dec 21 05:14:18 ip-172-31-25-121 web[9837]: which_opt=-f
Dec 21 05:14:18 ip-172-31-25-121 web[9837]: which_shell=bash
Dec 21 05:14:18 ip-172-31-25-121 web[9837]: gawklibpath_append ()
Dec 21 05:14:18 ip-172-31-25-121 web[9837]: {
Dec 21 05:14:18 ip-172-31-25-121 web[9837]:    [ -z "$AWKLIBPATH" ] && AWKLIBPATH=`gawk 'BEGIN {print ENVIRON["AWKLIBPATH"]}'`;
Dec 21 05:14:18 ip-172-31-25-121 web[9837]:    export AWKLIBPATH="$AWKLIBPATH:$*"
Dec 21 05:14:18 ip-172-31-25-121 web[9837]: }
Dec 21 05:14:18 ip-172-31-25-121 web[9837]: gawklibpath_default ()
Dec 21 05:14:18 ip-172-31-25-121 web[9837]: {
Dec 21 05:14:18 ip-172-31-25-121 web[9837]:    unset AWKLIBPATH;
Dec 21 05:14:18 ip-172-31-25-121 web[9837]:    export AWKLIBPATH=`gawk 'BEGIN {print ENVIRON["AWKLIBPATH"]}'`
Dec 21 05:14:18 ip-172-31-25-121 web[9837]: }
Dec 21 05:14:18 ip-172-31-25-121 web[9837]: gawklibpath_prepend ()
Dec 21 05:14:18 ip-172-31-25-121 web[9837]: {
Dec 21 05:14:18 ip-172-31-25-121 web[9837]:    [ -z "$AWKLIBPATH" ] && AWKLIBPATH=`gawk 'BEGIN {print ENVIRON["AWKLIBPATH"]}'`;
Dec 21 05:14:18 ip-172-31-25-121 web[9837]:    export AWKLIBPATH="$*:$AWKLIBPATH"
Dec 21 05:14:18 ip-172-31-25-121 web[9837]: }
Dec 21 05:14:18 ip-172-31-25-121 web[9837]: gawkpath_append ()
Dec 21 05:14:18 ip-172-31-25-121 web[9837]: {
Dec 21 05:14:18 ip-172-31-25-121 web[9837]:    [ -z "$AWKPATH" ] && AWKPATH=`gawk 'BEGIN {print ENVIRON["AWKPATH"]}'`;
Dec 21 05:14:18 ip-172-31-25-121 web[9837]:    export AWKPATH="$AWKPATH:$*"
Dec 21 05:14:18 ip-172-31-25-121 web[9837]: }
Dec 21 05:14:18 ip-172-31-25-121 web[9837]: gawkpath_default ()
Dec 21 05:14:18 ip-172-31-25-121 web[9837]: {
Dec 21 05:14:18 ip-172-31-25-121 web[9837]:    unset AWKPATH;
Dec 21 05:14:18 ip-172-31-25-121 web[9837]:    export AWKPATH=`gawk 'BEGIN {print ENVIRON["AWKPATH"]}'`
Dec 21 05:14:18 ip-172-31-25-121 web[9837]: }
Dec 21 05:14:18 ip-172-31-25-121 web[9837]: gawkpath_prepend ()
Dec 21 05:14:18 ip-172-31-25-121 web[9837]: {
Dec 21 05:14:18 ip-172-31-25-121 web[9837]:    [ -z "$AWKPATH" ] && AWKPATH=`gawk 'BEGIN {print ENVIRON["AWKPATH"]}'`;
Dec 21 05:14:18 ip-172-31-25-121 web[9837]:    export AWKPATH="$*:$AWKPATH"
Dec 21 05:14:18 ip-172-31-25-121 web[9837]: }
Dec 21 05:14:18 ip-172-31-25-121 web[9837]: which ()
Dec 21 05:14:18 ip-172-31-25-121 web[9837]: {
Dec 21 05:14:18 ip-172-31-25-121 web[9837]:    ( alias;
Dec 21 05:14:18 ip-172-31-25-121 web[9837]:    eval ${which_declare} ) | /usr/bin/which --tty-only --read-alias --read-functions --show-tilde --show-dot "$@"
Dec 21 05:14:18 ip-172-31-25-121 web[9837]: }
