2025/12/28 12:12:34.577943 [INFO] Cleaning log publish record...
2025/12/28 12:12:34.578007 [INFO] Start log publish job.
2025/12/28 12:12:34.578012 [INFO] Start publish file /tmp/BundleLogs-1766923954310.zip
2025/12/28 12:12:34.667969 [INFO] Successful upload file /tmp/BundleLogs-1766923954310.zip to s3 resources/environments/logs/bundle/e-37m2a4tpya/i-06a1e4e55056b6317/BundleLogs-1766923954310.zip
2025/12/28 12:12:34.668110 [INFO] Finished log publish job.
2025/12/28 12:29:24.041537 [INFO] Cleaning log publish record...
2025/12/28 12:29:24.041629 [INFO] /tmp/BundleLogs-1766923954310.zip exists, no need for clean up
2025/12/28 12:29:24.041634 [INFO] Start log publish job.
2025/12/28 12:29:24.041636 [INFO] Start publish file /tmp/BundleLogs-1766924963803.zip
2025/12/28 12:29:24.121235 [INFO] Successful upload file /tmp/BundleLogs-1766924963803.zip to s3 resources/environments/logs/bundle/e-37m2a4tpya/i-06a1e4e55056b6317/BundleLogs-1766924963803.zip
2025/12/28 12:29:24.121379 [INFO] Finished log publish job.
2025/12/28 12:52:26.111544 [INFO] Cleaning log publish record...
2025/12/28 12:52:26.111656 [INFO] /tmp/BundleLogs-1766923954310.zip exists, no need for clean up
2025/12/28 12:52:26.111670 [INFO] /tmp/BundleLogs-1766924963803.zip exists, no need for clean up
2025/12/28 12:52:26.111674 [INFO] Start log publish job.
2025/12/28 12:52:26.111677 [INFO] Start publish file /tmp/BundleLogs-1766926345876.zip
2025/12/28 12:52:26.188213 [INFO] Successful upload file /tmp/BundleLogs-1766926345876.zip to s3 resources/environments/logs/bundle/e-37m2a4tpya/i-06a1e4e55056b6317/BundleLogs-1766926345876.zip
2025/12/28 12:52:26.188382 [INFO] Finished log publish job.
2025/12/28 12:57:14.307615 [INFO] Cleaning log publish record...
2025/12/28 12:57:14.307687 [INFO] /tmp/BundleLogs-1766923954310.zip exists, no need for clean up
2025/12/28 12:57:14.307696 [INFO] /tmp/BundleLogs-1766924963803.zip exists, no need for clean up
2025/12/28 12:57:14.307702 [INFO] /tmp/BundleLogs-1766926345876.zip exists, no need for clean up
2025/12/28 12:57:14.307704 [INFO] Start log publish job.
2025/12/28 12:57:14.307707 [INFO] Start publish file /tmp/BundleLogs-1766926634069.zip
2025/12/28 12:57:14.386806 [INFO] Successful upload file /tmp/BundleLogs-1766926634069.zip to s3 resources/environments/logs/bundle/e-37m2a4tpya/i-06a1e4e55056b6317/BundleLogs-1766926634069.zip
2025/12/28 12:57:14.386964 [INFO] Finished log publish job.
2026/01/02 03:10:26.148696 [INFO] Cleaning log publish record...
2026/01/02 03:10:26.148768 [INFO] /tmp/BundleLogs-1766923954310.zip exists, no need for clean up
2026/01/02 03:10:26.148777 [INFO] /tmp/BundleLogs-1766924963803.zip exists, no need for clean up
2026/01/02 03:10:26.148783 [INFO] /tmp/BundleLogs-1766926345876.zip exists, no need for clean up
2026/01/02 03:10:26.148788 [INFO] /tmp/BundleLogs-1766926634069.zip exists, no need for clean up
2026/01/02 03:10:26.148790 [INFO] Start log publish job.
2026/01/02 03:10:26.148792 [INFO] Start publish file /tmp/BundleLogs-1767323425363.zip
2026/01/02 03:10:26.219694 [INFO] Successful upload file /tmp/BundleLogs-1767323425363.zip to s3 resources/environments/logs/bundle/e-37m2a4tpya/i-06a1e4e55056b6317/BundleLogs-1767323425363.zip
2026/01/02 03:10:26.219927 [INFO] Finished log publish job.
2026/01/09 01:12:33.422672 [INFO] Cleaning log publish record...
2026/01/09 01:12:33.422766 [INFO] removing file /opt/elasticbeanstalk/.log-publish-record/_tmp_BundleLogs-1766923954310.zip
2026/01/09 01:12:33.422822 [INFO] removing file /opt/elasticbeanstalk/.log-publish-record/_tmp_BundleLogs-1766924963803.zip
2026/01/09 01:12:33.422838 [INFO] removing file /opt/elasticbeanstalk/.log-publish-record/_tmp_BundleLogs-1766926345876.zip
2026/01/09 01:12:33.422852 [INFO] removing file /opt/elasticbeanstalk/.log-publish-record/_tmp_BundleLogs-1766926634069.zip
2026/01/09 01:12:33.422868 [INFO] /tmp/BundleLogs-1767323425363.zip exists, no need for clean up
2026/01/09 01:12:33.422871 [INFO] Start log publish job.
2026/01/09 01:12:33.422873 [INFO] Start publish file /tmp/TailLogs-1767921153409.txt
2026/01/09 01:12:33.481219 [INFO] Successful upload file /tmp/TailLogs-1767921153409.txt to s3 resources/environments/logs/tail/e-37m2a4tpya/i-06a1e4e55056b6317/TailLogs-1767921153409.txt
2026/01/09 01:12:33.481379 [INFO] Finished log publish job.
2026/01/09 01:13:59.494090 [INFO] Cleaning log publish record...
2026/01/09 01:13:59.494150 [INFO] /tmp/BundleLogs-1767323425363.zip exists, no need for clean up
2026/01/09 01:13:59.494156 [INFO] /tmp/TailLogs-1767921153409.txt exists, no need for clean up
2026/01/09 01:13:59.494159 [INFO] Start log publish job.
2026/01/09 01:13:59.494161 [INFO] Start publish file /tmp/TailLogs-1767921239485.txt
2026/01/09 01:13:59.547417 [INFO] Successful upload file /tmp/TailLogs-1767921239485.txt to s3 resources/environments/logs/tail/e-37m2a4tpya/i-06a1e4e55056b6317/TailLogs-1767921239485.txt
2026/01/09 01:13:59.547558 [INFO] Finished log publish job.
