2025/12/28 12:12:34.577943 [INFO] Cleaning log publish record...
2025/12/28 12:12:34.578007 [INFO] Start log publish job.
2025/12/28 12:12:34.578012 [INFO] Start publish file /tmp/BundleLogs-1766923954310.zip
2025/12/28 12:12:34.667969 [INFO] Successful upload file /tmp/BundleLogs-1766923954310.zip to s3 resources/environments/logs/bundle/e-37m2a4tpya/i-06a1e4e55056b6317/BundleLogs-1766923954310.zip
2025/12/28 12:12:34.668110 [INFO] Finished log publish job.
2025/12/28 12:29:24.041537 [INFO] Cleaning log publish record...
2025/12/28 12:29:24.041629 [INFO] /tmp/BundleLogs-1766923954310.zip exists, no need for clean up
2025/12/28 12:29:24.041634 [INFO] Start log publish job.
2025/12/28 12:29:24.041636 [INFO] Start publish file /tmp/BundleLogs-1766924963803.zip
2025/12/28 12:29:24.121235 [INFO] Successful upload file /tmp/BundleLogs-1766924963803.zip to s3 resources/environments/logs/bundle/e-37m2a4tpya/i-06a1e4e55056b6317/BundleLogs-1766924963803.zip
2025/12/28 12:29:24.121379 [INFO] Finished log publish job.
2025/12/28 12:52:26.111544 [INFO] Cleaning log publish record...
2025/12/28 12:52:26.111656 [INFO] /tmp/BundleLogs-1766923954310.zip exists, no need for clean up
2025/12/28 12:52:26.111670 [INFO] /tmp/BundleLogs-1766924963803.zip exists, no need for clean up
2025/12/28 12:52:26.111674 [INFO] Start log publish job.
2025/12/28 12:52:26.111677 [INFO] Start publish file /tmp/BundleLogs-1766926345876.zip
2025/12/28 12:52:26.188213 [INFO] Successful upload file /tmp/BundleLogs-1766926345876.zip to s3 resources/environments/logs/bundle/e-37m2a4tpya/i-06a1e4e55056b6317/BundleLogs-1766926345876.zip
2025/12/28 12:52:26.188382 [INFO] Finished log publish job.
2025/12/28 12:57:14.307615 [INFO] Cleaning log publish record...
2025/12/28 12:57:14.307687 [INFO] /tmp/BundleLogs-1766923954310.zip exists, no need for clean up
2025/12/28 12:57:14.307696 [INFO] /tmp/BundleLogs-1766924963803.zip exists, no need for clean up
2025/12/28 12:57:14.307702 [INFO] /tmp/BundleLogs-1766926345876.zip exists, no need for clean up
2025/12/28 12:57:14.307704 [INFO] Start log publish job.
2025/12/28 12:57:14.307707 [INFO] Start publish file /tmp/BundleLogs-1766926634069.zip
2025/12/28 12:57:14.386806 [INFO] Successful upload file /tmp/BundleLogs-1766926634069.zip to s3 resources/environments/logs/bundle/e-37m2a4tpya/i-06a1e4e55056b6317/BundleLogs-1766926634069.zip
2025/12/28 12:57:14.386964 [INFO] Finished log publish job.
2026/01/02 03:10:26.148696 [INFO] Cleaning log publish record...
2026/01/02 03:10:26.148768 [INFO] /tmp/BundleLogs-1766923954310.zip exists, no need for clean up
2026/01/02 03:10:26.148777 [INFO] /tmp/BundleLogs-1766924963803.zip exists, no need for clean up
2026/01/02 03:10:26.148783 [INFO] /tmp/BundleLogs-1766926345876.zip exists, no need for clean up
2026/01/02 03:10:26.148788 [INFO] /tmp/BundleLogs-1766926634069.zip exists, no need for clean up
2026/01/02 03:10:26.148790 [INFO] Start log publish job.
2026/01/02 03:10:26.148792 [INFO] Start publish file /tmp/BundleLogs-1767323425363.zip
2026/01/02 03:10:26.219694 [INFO] Successful upload file /tmp/BundleLogs-1767323425363.zip to s3 resources/environments/logs/bundle/e-37m2a4tpya/i-06a1e4e55056b6317/BundleLogs-1767323425363.zip
2026/01/02 03:10:26.219927 [INFO] Finished log publish job.
2026/01/09 01:12:33.422672 [INFO] Cleaning log publish record...
2026/01/09 01:12:33.422766 [INFO] removing file /opt/elasticbeanstalk/.log-publish-record/_tmp_BundleLogs-1766923954310.zip
2026/01/09 01:12:33.422822 [INFO] removing file /opt/elasticbeanstalk/.log-publish-record/_tmp_BundleLogs-1766924963803.zip
2026/01/09 01:12:33.422838 [INFO] removing file /opt/elasticbeanstalk/.log-publish-record/_tmp_BundleLogs-1766926345876.zip
2026/01/09 01:12:33.422852 [INFO] removing file /opt/elasticbeanstalk/.log-publish-record/_tmp_BundleLogs-1766926634069.zip
2026/01/09 01:12:33.422868 [INFO] /tmp/BundleLogs-1767323425363.zip exists, no need for clean up
2026/01/09 01:12:33.422871 [INFO] Start log publish job.
2026/01/09 01:12:33.422873 [INFO] Start publish file /tmp/TailLogs-1767921153409.txt
2026/01/09 01:12:33.481219 [INFO] Successful upload file /tmp/TailLogs-1767921153409.txt to s3 resources/environments/logs/tail/e-37m2a4tpya/i-06a1e4e55056b6317/TailLogs-1767921153409.txt
2026/01/09 01:12:33.481379 [INFO] Finished log publish job.
2026/01/09 01:13:59.494090 [INFO] Cleaning log publish record...
2026/01/09 01:13:59.494150 [INFO] /tmp/BundleLogs-1767323425363.zip exists, no need for clean up
2026/01/09 01:13:59.494156 [INFO] /tmp/TailLogs-1767921153409.txt exists, no need for clean up
2026/01/09 01:13:59.494159 [INFO] Start log publish job.
2026/01/09 01:13:59.494161 [INFO] Start publish file /tmp/TailLogs-1767921239485.txt
2026/01/09 01:13:59.547417 [INFO] Successful upload file /tmp/TailLogs-1767921239485.txt to s3 resources/environments/logs/tail/e-37m2a4tpya/i-06a1e4e55056b6317/TailLogs-1767921239485.txt
2026/01/09 01:13:59.547558 [INFO] Finished log publish job.
2026/01/09 01:34:15.879339 [INFO] Cleaning log publish record...
2026/01/09 01:34:15.879419 [INFO] /tmp/BundleLogs-1767323425363.zip exists, no need for clean up
2026/01/09 01:34:15.879427 [INFO] /tmp/TailLogs-1767921153409.txt exists, no need for clean up
2026/01/09 01:34:15.879432 [INFO] /tmp/TailLogs-1767921239485.txt exists, no need for clean up
2026/01/09 01:34:15.879435 [INFO] Start log publish job.
2026/01/09 01:34:15.879437 [INFO] Start publish file /tmp/BundleLogs-1767922454538.zip
2026/01/09 01:34:15.996898 [INFO] Successful upload file /tmp/BundleLogs-1767922454538.zip to s3 resources/environments/logs/bundle/e-37m2a4tpya/i-06a1e4e55056b6317/BundleLogs-1767922454538.zip
2026/01/09 01:34:15.997080 [INFO] Finished log publish job.
2026/01/11 23:46:42.456734 [INFO] Cleaning log publish record...
2026/01/11 23:46:42.457234 [INFO] /tmp/BundleLogs-1767323425363.zip exists, no need for clean up
2026/01/11 23:46:42.457242 [INFO] /tmp/TailLogs-1767921153409.txt exists, no need for clean up
2026/01/11 23:46:42.457247 [INFO] /tmp/TailLogs-1767921239485.txt exists, no need for clean up
2026/01/11 23:46:42.457252 [INFO] /tmp/BundleLogs-1767922454538.zip exists, no need for clean up
2026/01/11 23:46:42.457255 [INFO] Start log publish job.
2026/01/11 23:46:42.457257 [INFO] Start publish file /tmp/TailLogs-1768175202447.txt
2026/01/11 23:46:42.509422 [INFO] Successful upload file /tmp/TailLogs-1768175202447.txt to s3 resources/environments/logs/tail/e-37m2a4tpya/i-06a1e4e55056b6317/TailLogs-1768175202447.txt
2026/01/11 23:46:42.509618 [INFO] Finished log publish job.
2026/01/11 23:48:02.386272 [INFO] Cleaning log publish record...
2026/01/11 23:48:02.386361 [INFO] /tmp/BundleLogs-1767323425363.zip exists, no need for clean up
2026/01/11 23:48:02.386369 [INFO] /tmp/TailLogs-1767921153409.txt exists, no need for clean up
2026/01/11 23:48:02.386374 [INFO] /tmp/TailLogs-1767921239485.txt exists, no need for clean up
2026/01/11 23:48:02.386379 [INFO] /tmp/BundleLogs-1767922454538.zip exists, no need for clean up
2026/01/11 23:48:02.386384 [INFO] /tmp/TailLogs-1768175202447.txt exists, no need for clean up
2026/01/11 23:48:02.386386 [INFO] Start log publish job.
2026/01/11 23:48:02.386388 [INFO] Start publish file /tmp/BundleLogs-1768175280708.zip
2026/01/11 23:48:02.485334 [INFO] Successful upload file /tmp/BundleLogs-1768175280708.zip to s3 resources/environments/logs/bundle/e-37m2a4tpya/i-06a1e4e55056b6317/BundleLogs-1768175280708.zip
2026/01/11 23:48:02.485492 [INFO] Finished log publish job.
2026/01/25 03:29:31.011919 [INFO] Cleaning log publish record...
2026/01/25 03:29:31.012528 [INFO] removing file /opt/elasticbeanstalk/.log-publish-record/_tmp_BundleLogs-1767323425363.zip
2026/01/25 03:29:31.012575 [INFO] removing file /opt/elasticbeanstalk/.log-publish-record/_tmp_TailLogs-1767921153409.txt
2026/01/25 03:29:31.012639 [INFO] removing file /opt/elasticbeanstalk/.log-publish-record/_tmp_TailLogs-1767921239485.txt
2026/01/25 03:29:31.012657 [INFO] removing file /opt/elasticbeanstalk/.log-publish-record/_tmp_BundleLogs-1767922454538.zip
2026/01/25 03:29:31.012674 [INFO] removing file /opt/elasticbeanstalk/.log-publish-record/_tmp_TailLogs-1768175202447.txt
2026/01/25 03:29:31.012688 [INFO] removing file /opt/elasticbeanstalk/.log-publish-record/_tmp_BundleLogs-1768175280708.zip
2026/01/25 03:29:31.012704 [INFO] Start log publish job.
2026/01/25 03:29:31.012707 [INFO] Start publish file /tmp/TailLogs-1769311770998.txt
2026/01/25 03:29:31.069537 [INFO] Successful upload file /tmp/TailLogs-1769311770998.txt to s3 resources/environments/logs/tail/e-37m2a4tpya/i-06a1e4e55056b6317/TailLogs-1769311770998.txt
2026/01/25 03:29:31.069702 [INFO] Finished log publish job.
2026/01/25 04:28:35.733423 [INFO] Cleaning log publish record...
2026/01/25 04:28:35.733472 [INFO] /tmp/TailLogs-1769311770998.txt exists, no need for clean up
2026/01/25 04:28:35.733475 [INFO] Start log publish job.
2026/01/25 04:28:35.733477 [INFO] Start publish file /tmp/TailLogs-1769315315725.txt
2026/01/25 04:28:35.781390 [INFO] Successful upload file /tmp/TailLogs-1769315315725.txt to s3 resources/environments/logs/tail/e-37m2a4tpya/i-06a1e4e55056b6317/TailLogs-1769315315725.txt
2026/01/25 04:28:35.781546 [INFO] Finished log publish job.
2026/02/14 01:56:37.545195 [INFO] Cleaning log publish record...
2026/02/14 01:56:37.545852 [INFO] removing file /opt/elasticbeanstalk/.log-publish-record/_tmp_TailLogs-1769311770998.txt
2026/02/14 01:56:37.545888 [INFO] removing file /opt/elasticbeanstalk/.log-publish-record/_tmp_TailLogs-1769315315725.txt
2026/02/14 01:56:37.545902 [INFO] Start log publish job.
2026/02/14 01:56:37.545905 [INFO] Start publish file /tmp/TailLogs-1771034197534.txt
2026/02/14 01:56:37.597370 [INFO] Successful upload file /tmp/TailLogs-1771034197534.txt to s3 resources/environments/logs/tail/e-37m2a4tpya/i-06a1e4e55056b6317/TailLogs-1771034197534.txt
2026/02/14 01:56:37.597524 [INFO] Finished log publish job.
2026/02/14 01:56:50.124422 [INFO] Cleaning log publish record...
2026/02/14 01:56:50.124492 [INFO] /tmp/TailLogs-1771034197534.txt exists, no need for clean up
2026/02/14 01:56:50.124497 [INFO] Start log publish job.
2026/02/14 01:56:50.124499 [INFO] Start publish file /tmp/BundleLogs-1771034208456.zip
2026/02/14 01:56:50.349686 [INFO] Successful upload file /tmp/BundleLogs-1771034208456.zip to s3 resources/environments/logs/bundle/e-37m2a4tpya/i-06a1e4e55056b6317/BundleLogs-1771034208456.zip
2026/02/14 01:56:50.349829 [INFO] Finished log publish job.
2026/02/14 02:07:18.360978 [INFO] Cleaning log publish record...
2026/02/14 02:07:18.361043 [INFO] /tmp/TailLogs-1771034197534.txt exists, no need for clean up
2026/02/14 02:07:18.361051 [INFO] /tmp/BundleLogs-1771034208456.zip exists, no need for clean up
2026/02/14 02:07:18.361054 [INFO] Start log publish job.
2026/02/14 02:07:18.361056 [INFO] Start publish file /tmp/BundleLogs-1771034836799.zip
2026/02/14 02:07:18.589226 [INFO] Successful upload file /tmp/BundleLogs-1771034836799.zip to s3 resources/environments/logs/bundle/e-37m2a4tpya/i-06a1e4e55056b6317/BundleLogs-1771034836799.zip
2026/02/14 02:07:18.589381 [INFO] Finished log publish job.
2026/02/14 02:08:29.653377 [INFO] Cleaning log publish record...
2026/02/14 02:08:29.653457 [INFO] /tmp/TailLogs-1771034197534.txt exists, no need for clean up
2026/02/14 02:08:29.653465 [INFO] /tmp/BundleLogs-1771034208456.zip exists, no need for clean up
2026/02/14 02:08:29.653469 [INFO] /tmp/BundleLogs-1771034836799.zip exists, no need for clean up
2026/02/14 02:08:29.653471 [INFO] Start log publish job.
2026/02/14 02:08:29.653474 [INFO] Start publish file /tmp/BundleLogs-1771034908087.zip
2026/02/14 02:08:29.913115 [INFO] Successful upload file /tmp/BundleLogs-1771034908087.zip to s3 resources/environments/logs/bundle/e-37m2a4tpya/i-06a1e4e55056b6317/BundleLogs-1771034908087.zip
2026/02/14 02:08:29.913262 [INFO] Finished log publish job.
2026/02/14 02:13:00.347232 [INFO] Cleaning log publish record...
2026/02/14 02:13:00.347296 [INFO] /tmp/TailLogs-1771034197534.txt exists, no need for clean up
2026/02/14 02:13:00.347304 [INFO] /tmp/BundleLogs-1771034208456.zip exists, no need for clean up
2026/02/14 02:13:00.347309 [INFO] /tmp/BundleLogs-1771034836799.zip exists, no need for clean up
2026/02/14 02:13:00.347313 [INFO] /tmp/BundleLogs-1771034908087.zip exists, no need for clean up
2026/02/14 02:13:00.347322 [INFO] Start log publish job.
2026/02/14 02:13:00.347325 [INFO] Start publish file /tmp/BundleLogs-1771035178772.zip
2026/02/14 02:13:00.632896 [INFO] Successful upload file /tmp/BundleLogs-1771035178772.zip to s3 resources/environments/logs/bundle/e-37m2a4tpya/i-06a1e4e55056b6317/BundleLogs-1771035178772.zip
2026/02/14 02:13:00.633098 [INFO] Finished log publish job.
2026/02/14 02:29:28.121852 [INFO] Cleaning log publish record...
2026/02/14 02:29:28.121943 [INFO] /tmp/TailLogs-1771034197534.txt exists, no need for clean up
2026/02/14 02:29:28.121951 [INFO] /tmp/BundleLogs-1771034208456.zip exists, no need for clean up
2026/02/14 02:29:28.121956 [INFO] /tmp/BundleLogs-1771034836799.zip exists, no need for clean up
2026/02/14 02:29:28.121960 [INFO] /tmp/BundleLogs-1771034908087.zip exists, no need for clean up
2026/02/14 02:29:28.121965 [INFO] /tmp/BundleLogs-1771035178772.zip exists, no need for clean up
2026/02/14 02:29:28.121967 [INFO] Start log publish job.
2026/02/14 02:29:28.121969 [INFO] Start publish file /tmp/BundleLogs-1771036166514.zip
2026/02/14 02:29:28.334622 [INFO] Successful upload file /tmp/BundleLogs-1771036166514.zip to s3 resources/environments/logs/bundle/e-37m2a4tpya/i-06a1e4e55056b6317/BundleLogs-1771036166514.zip
2026/02/14 02:29:28.334790 [INFO] Finished log publish job.
2026/02/14 03:38:50.371332 [INFO] Cleaning log publish record...
2026/02/14 03:38:50.371417 [INFO] /tmp/TailLogs-1771034197534.txt exists, no need for clean up
2026/02/14 03:38:50.371426 [INFO] /tmp/BundleLogs-1771034208456.zip exists, no need for clean up
2026/02/14 03:38:50.371431 [INFO] /tmp/BundleLogs-1771034836799.zip exists, no need for clean up
2026/02/14 03:38:50.371435 [INFO] /tmp/BundleLogs-1771034908087.zip exists, no need for clean up
2026/02/14 03:38:50.371440 [INFO] /tmp/BundleLogs-1771035178772.zip exists, no need for clean up
2026/02/14 03:38:50.371444 [INFO] /tmp/BundleLogs-1771036166514.zip exists, no need for clean up
2026/02/14 03:38:50.371446 [INFO] Start log publish job.
2026/02/14 03:38:50.371449 [INFO] Start publish file /tmp/BundleLogs-1771040328766.zip
2026/02/14 03:38:50.590567 [INFO] Successful upload file /tmp/BundleLogs-1771040328766.zip to s3 resources/environments/logs/bundle/e-37m2a4tpya/i-06a1e4e55056b6317/BundleLogs-1771040328766.zip
2026/02/14 03:38:50.590742 [INFO] Finished log publish job.
2026/02/14 06:04:45.099060 [INFO] Cleaning log publish record...
2026/02/14 06:04:45.099146 [INFO] /tmp/TailLogs-1771034197534.txt exists, no need for clean up
2026/02/14 06:04:45.099154 [INFO] /tmp/BundleLogs-1771034208456.zip exists, no need for clean up
2026/02/14 06:04:45.099159 [INFO] /tmp/BundleLogs-1771034836799.zip exists, no need for clean up
2026/02/14 06:04:45.099163 [INFO] /tmp/BundleLogs-1771034908087.zip exists, no need for clean up
2026/02/14 06:04:45.099168 [INFO] /tmp/BundleLogs-1771035178772.zip exists, no need for clean up
2026/02/14 06:04:45.099173 [INFO] /tmp/BundleLogs-1771036166514.zip exists, no need for clean up
2026/02/14 06:04:45.099179 [INFO] /tmp/BundleLogs-1771040328766.zip exists, no need for clean up
2026/02/14 06:04:45.099181 [INFO] Start log publish job.
2026/02/14 06:04:45.099184 [INFO] Start publish file /tmp/BundleLogs-1771049083470.zip
2026/02/14 06:04:45.313721 [INFO] Successful upload file /tmp/BundleLogs-1771049083470.zip to s3 resources/environments/logs/bundle/e-37m2a4tpya/i-06a1e4e55056b6317/BundleLogs-1771049083470.zip
2026/02/14 06:04:45.313883 [INFO] Finished log publish job.
