2025-12-26 01:27:09,337 P1655 [INFO] ************************************************************
2025-12-26 01:27:09,337 P1655 [INFO] ConfigSet _OnInstanceBoot
2025-12-26 01:27:09,339 P1655 [INFO] ++++++++++++++++++++++++++++++++++++++++++++++++++++++++++++
2025-12-26 01:27:09,339 P1655 [INFO] Config AWSEBBaseConfig
2025-12-26 01:27:09,588 P1655 [INFO] ============================================================
2025-12-26 01:27:09,588 P1655 [INFO] Command clearbackupfiles
2025-12-26 01:27:09,598 P1655 [INFO] Completed successfully.
2025-12-26 01:27:09,602 P1655 [INFO] ++++++++++++++++++++++++++++++++++++++++++++++++++++++++++++
2025-12-26 01:27:09,602 P1655 [INFO] Config AWSEBCfnHupEndpointOverride
2025-12-26 01:27:09,603 P1655 [INFO] ============================================================
2025-12-26 01:27:09,603 P1655 [INFO] Command clearbackupfiles
2025-12-26 01:27:09,607 P1655 [INFO] Completed successfully.
2025-12-26 01:27:12,936 P1789 [INFO] ************************************************************
2025-12-26 01:27:12,936 P1789 [INFO] ConfigSet Infra-EmbeddedPreBuild
2025-12-26 01:27:15,612 P1898 [INFO] ************************************************************
2025-12-26 01:27:15,612 P1898 [INFO] ConfigSet Infra-EmbeddedPostBuild
2025-12-26 01:43:56,315 P2763 [INFO] ************************************************************
2025-12-26 01:43:56,315 P2763 [INFO] ConfigSet Infra-EmbeddedPreBuild
2025-12-26 01:43:59,051 P2941 [INFO] ************************************************************
2025-12-26 01:43:59,051 P2941 [INFO] ConfigSet Infra-EmbeddedPostBuild
2025-12-26 02:43:02,767 P5398 [INFO] ************************************************************
2025-12-26 02:43:02,767 P5398 [INFO] ConfigSet Infra-EmbeddedPreBuild
2025-12-26 02:43:06,076 P5620 [INFO] ************************************************************
2025-12-26 02:43:06,076 P5620 [INFO] ConfigSet Infra-EmbeddedPostBuild
2025-12-28 12:07:58,049 P117590 [INFO] ************************************************************
2025-12-28 12:07:58,049 P117590 [INFO] ConfigSet Infra-EmbeddedPreBuild
2025-12-28 12:08:01,322 P117764 [INFO] ************************************************************
2025-12-28 12:08:01,322 P117764 [INFO] ConfigSet Infra-EmbeddedPostBuild
2025-12-28 12:09:03,835 P118621 [INFO] ************************************************************
2025-12-28 12:09:03,835 P118621 [INFO] ConfigSet Infra-EmbeddedPostBuild
2025-12-28 12:28:50,592 P119700 [INFO] ************************************************************
2025-12-28 12:28:50,592 P119700 [INFO] ConfigSet Infra-EmbeddedPreBuild
2025-12-28 12:28:50,594 P119700 [INFO] ++++++++++++++++++++++++++++++++++++++++++++++++++++++++++++
2025-12-28 12:28:50,594 P119700 [INFO] Config prebuild_0_abuts_fit
2025-12-28 12:28:50,595 P119700 [INFO] ============================================================
2025-12-28 12:28:50,595 P119700 [INFO] Command 01_install_backend_deps
2025-12-28 12:28:51,078 P119700 [INFO] -----------------------Command Output-----------------------
2025-12-28 12:28:51,079 P119700 [INFO] 	/bin/sh: line 1: cd: /var/app/staging/backend: No such file or directory
2025-12-28 12:28:51,079 P119700 [INFO] 	npm error Tracker "idealTree" already exists
2025-12-28 12:28:51,079 P119700 [INFO] 	npm error A complete log of this run can be found in: /root/.npm/_logs/2025-12-28T12_28_50_741Z-debug-0.log
2025-12-28 12:28:51,079 P119700 [INFO] ------------------------------------------------------------
2025-12-28 12:28:51,079 P119700 [ERROR] Exited with error code 1
2025-12-28 12:49:57,302 P120427 [INFO] ************************************************************
2025-12-28 12:49:57,302 P120427 [INFO] ConfigSet Infra-EmbeddedPreBuild
2025-12-28 12:49:57,305 P120427 [INFO] ++++++++++++++++++++++++++++++++++++++++++++++++++++++++++++
2025-12-28 12:49:57,305 P120427 [INFO] Config prebuild_0_abuts_fit
2025-12-28 12:49:57,305 P120427 [INFO] ============================================================
2025-12-28 12:49:57,305 P120427 [INFO] Command 01_install_backend_deps
2025-12-28 12:49:57,812 P120427 [INFO] -----------------------Command Output-----------------------
2025-12-28 12:49:57,813 P120427 [INFO] 	/bin/sh: line 1: cd: /var/app/staging/backend: No such file or directory
2025-12-28 12:49:57,813 P120427 [INFO] 	npm error Tracker "idealTree" already exists
2025-12-28 12:49:57,813 P120427 [INFO] 	npm error A complete log of this run can be found in: /root/.npm/_logs/2025-12-28T12_49_57_460Z-debug-0.log
2025-12-28 12:49:57,813 P120427 [INFO] ------------------------------------------------------------
2025-12-28 12:49:57,813 P120427 [ERROR] Exited with error code 1
2025-12-28 12:54:02,358 P120610 [INFO] ************************************************************
2025-12-28 12:54:02,358 P120610 [INFO] ConfigSet Infra-EmbeddedPreBuild
2025-12-28 12:54:08,308 P120782 [INFO] ************************************************************
2025-12-28 12:54:08,308 P120782 [INFO] ConfigSet Infra-EmbeddedPostBuild
2025-12-28 13:10:38,641 P122117 [INFO] ************************************************************
2025-12-28 13:10:38,641 P122117 [INFO] ConfigSet Infra-EmbeddedPreBuild
2025-12-28 13:10:41,452 P122292 [INFO] ************************************************************
2025-12-28 13:10:41,452 P122292 [INFO] ConfigSet Infra-EmbeddedPostBuild
2025-12-28 13:24:22,515 P123242 [INFO] ************************************************************
2025-12-28 13:24:22,515 P123242 [INFO] ConfigSet Infra-EmbeddedPreBuild
2025-12-28 13:24:25,135 P123465 [INFO] ************************************************************
2025-12-28 13:24:25,135 P123465 [INFO] ConfigSet Infra-EmbeddedPostBuild
2025-12-28 21:37:05,546 P139825 [INFO] ************************************************************
2025-12-28 21:37:05,546 P139825 [INFO] ConfigSet Infra-EmbeddedPreBuild
2025-12-28 21:37:08,330 P140050 [INFO] ************************************************************
2025-12-28 21:37:08,331 P140050 [INFO] ConfigSet Infra-EmbeddedPostBuild
2026-01-02 03:08:09,471 P337748 [INFO] ************************************************************
2026-01-02 03:08:09,471 P337748 [INFO] ConfigSet Infra-EmbeddedPreBuild
2026-01-02 03:08:12,289 P337921 [INFO] ************************************************************
2026-01-02 03:08:12,289 P337921 [INFO] ConfigSet Infra-EmbeddedPostBuild
2026-01-02 03:09:10,535 P338717 [INFO] ************************************************************
2026-01-02 03:09:10,535 P338717 [INFO] ConfigSet Infra-EmbeddedPostBuild
2026-01-02 03:48:23,582 P340631 [INFO] ************************************************************
2026-01-02 03:48:23,582 P340631 [INFO] ConfigSet Infra-EmbeddedPostBuild
2026-01-02 03:49:03,566 P341129 [INFO] ************************************************************
2026-01-02 03:49:03,566 P341129 [INFO] ConfigSet Infra-EmbeddedPreBuild
2026-01-02 03:49:06,275 P341301 [INFO] ************************************************************
2026-01-02 03:49:06,275 P341301 [INFO] ConfigSet Infra-EmbeddedPostBuild
2026-01-07 22:24:38,024 P610830 [INFO] ************************************************************
2026-01-07 22:24:38,024 P610830 [INFO] ConfigSet Infra-EmbeddedPostBuild
2026-01-07 22:28:02,840 P611393 [INFO] ************************************************************
2026-01-07 22:28:02,840 P611393 [INFO] ConfigSet Infra-EmbeddedPreBuild
2026-01-07 22:28:05,565 P611615 [INFO] ************************************************************
2026-01-07 22:28:05,565 P611615 [INFO] ConfigSet Infra-EmbeddedPostBuild
2026-01-09 00:42:18,830 P663390 [INFO] ************************************************************
2026-01-09 00:42:18,830 P663390 [INFO] ConfigSet Infra-EmbeddedPostBuild
2026-01-09 00:43:19,358 P663953 [INFO] ************************************************************
2026-01-09 00:43:19,358 P663953 [INFO] ConfigSet Infra-EmbeddedPreBuild
2026-01-09 00:43:22,311 P664125 [INFO] ************************************************************
2026-01-09 00:43:22,311 P664125 [INFO] ConfigSet Infra-EmbeddedPostBuild
2026-01-09 01:29:14,021 P666453 [INFO] ************************************************************
2026-01-09 01:29:14,021 P666453 [INFO] ConfigSet Infra-EmbeddedPostBuild
2026-01-09 01:31:26,832 P667183 [INFO] ************************************************************
2026-01-09 01:31:26,832 P667183 [INFO] ConfigSet Infra-EmbeddedPostBuild
2026-01-09 01:32:27,607 P667737 [INFO] ************************************************************
2026-01-09 01:32:27,607 P667737 [INFO] ConfigSet Infra-EmbeddedPreBuild
2026-01-09 01:32:30,327 P667910 [INFO] ************************************************************
2026-01-09 01:32:30,327 P667910 [INFO] ConfigSet Infra-EmbeddedPostBuild
2026-01-09 01:37:25,531 P668736 [INFO] ************************************************************
2026-01-09 01:37:25,531 P668736 [INFO] ConfigSet Infra-EmbeddedPreBuild
2026-01-09 01:37:28,293 P668909 [INFO] ************************************************************
2026-01-09 01:37:28,293 P668909 [INFO] ConfigSet Infra-EmbeddedPostBuild
2026-01-09 01:45:52,846 P669729 [INFO] ************************************************************
2026-01-09 01:45:52,846 P669729 [INFO] ConfigSet Infra-EmbeddedPreBuild
2026-01-09 01:45:55,563 P669903 [INFO] ************************************************************
2026-01-09 01:45:55,563 P669903 [INFO] ConfigSet Infra-EmbeddedPostBuild
2026-01-10 08:25:50,322 P730113 [INFO] ************************************************************
2026-01-10 08:25:50,323 P730113 [INFO] ConfigSet Infra-EmbeddedPostBuild
2026-01-10 08:26:57,446 P730674 [INFO] ************************************************************
2026-01-10 08:26:57,446 P730674 [INFO] ConfigSet Infra-EmbeddedPreBuild
2026-01-10 08:27:00,297 P730846 [INFO] ************************************************************
2026-01-10 08:27:00,297 P730846 [INFO] ConfigSet Infra-EmbeddedPostBuild
2026-01-11 00:35:52,759 P762644 [INFO] ************************************************************
2026-01-11 00:35:52,760 P762644 [INFO] ConfigSet Infra-EmbeddedPreBuild
2026-01-11 00:35:55,561 P762821 [INFO] ************************************************************
2026-01-11 00:35:55,561 P762821 [INFO] ConfigSet Infra-EmbeddedPostBuild
2026-01-11 23:56:25,679 P808621 [INFO] ************************************************************
2026-01-11 23:56:25,679 P808621 [INFO] ConfigSet Infra-EmbeddedPreBuild
2026-01-11 23:56:28,507 P808843 [INFO] ************************************************************
2026-01-11 23:56:28,507 P808843 [INFO] ConfigSet Infra-EmbeddedPostBuild
2026-01-22 23:40:20,268 P1320853 [INFO] ************************************************************
2026-01-22 23:40:20,269 P1320853 [INFO] ConfigSet Infra-EmbeddedPreBuild
2026-01-22 23:40:23,040 P1321074 [INFO] ************************************************************
2026-01-22 23:40:23,040 P1321074 [INFO] ConfigSet Infra-EmbeddedPostBuild
2026-01-23 01:56:19,347 P1326085 [INFO] ************************************************************
2026-01-23 01:56:19,347 P1326085 [INFO] ConfigSet Infra-EmbeddedPreBuild
2026-01-23 01:56:22,088 P1326307 [INFO] ************************************************************
2026-01-23 01:56:22,088 P1326307 [INFO] ConfigSet Infra-EmbeddedPostBuild
2026-01-23 13:02:12,341 P1348405 [INFO] ************************************************************
2026-01-23 13:02:12,341 P1348405 [INFO] ConfigSet Infra-EmbeddedPreBuild
2026-01-23 13:02:15,067 P1348576 [INFO] ************************************************************
2026-01-23 13:02:15,067 P1348576 [INFO] ConfigSet Infra-EmbeddedPostBuild
2026-01-24 21:51:04,504 P1412698 [INFO] ************************************************************
2026-01-24 21:51:04,505 P1412698 [INFO] ConfigSet Infra-EmbeddedPreBuild
2026-01-24 21:51:07,587 P1412919 [INFO] ************************************************************
2026-01-24 21:51:07,587 P1412919 [INFO] ConfigSet Infra-EmbeddedPostBuild
2026-01-25 03:25:40,045 P1424452 [INFO] ************************************************************
2026-01-25 03:25:40,045 P1424452 [INFO] ConfigSet Infra-EmbeddedPreBuild
2026-01-25 03:25:42,820 P1424627 [INFO] ************************************************************
2026-01-25 03:25:42,821 P1424627 [INFO] ConfigSet Infra-EmbeddedPostBuild
2026-01-25 03:41:49,697 P1425723 [INFO] ************************************************************
2026-01-25 03:41:49,697 P1425723 [INFO] ConfigSet Infra-EmbeddedPreBuild
2026-01-25 03:41:52,553 P1425900 [INFO] ************************************************************
2026-01-25 03:41:52,554 P1425900 [INFO] ConfigSet Infra-EmbeddedPostBuild
2026-01-25 06:08:56,039 P1431235 [INFO] ************************************************************
2026-01-25 06:08:56,039 P1431235 [INFO] ConfigSet Infra-EmbeddedPreBuild
2026-01-25 06:08:58,797 P1431457 [INFO] ************************************************************
2026-01-25 06:08:58,797 P1431457 [INFO] ConfigSet Infra-EmbeddedPostBuild
2026-01-25 10:15:02,686 P1439899 [INFO] ************************************************************
2026-01-25 10:15:02,687 P1439899 [INFO] ConfigSet Infra-EmbeddedPreBuild
2026-01-25 10:15:05,344 P1440120 [INFO] ************************************************************
2026-01-25 10:15:05,344 P1440120 [INFO] ConfigSet Infra-EmbeddedPostBuild
2026-01-25 10:39:43,518 P1441444 [INFO] ************************************************************
2026-01-25 10:39:43,518 P1441444 [INFO] ConfigSet Infra-EmbeddedPreBuild
2026-01-25 10:39:46,337 P1441618 [INFO] ************************************************************
2026-01-25 10:39:46,337 P1441618 [INFO] ConfigSet Infra-EmbeddedPostBuild
2026-01-25 11:39:45,230 P1444121 [INFO] ************************************************************
2026-01-25 11:39:45,230 P1444121 [INFO] ConfigSet Infra-EmbeddedPreBuild
2026-01-25 11:39:48,064 P1444295 [INFO] ************************************************************
2026-01-25 11:39:48,064 P1444295 [INFO] ConfigSet Infra-EmbeddedPostBuild
2026-01-25 12:32:02,669 P1446556 [INFO] ************************************************************
2026-01-25 12:32:02,669 P1446556 [INFO] ConfigSet Infra-EmbeddedPreBuild
2026-01-25 12:32:05,585 P1446729 [INFO] ************************************************************
2026-01-25 12:32:05,585 P1446729 [INFO] ConfigSet Infra-EmbeddedPostBuild
2026-01-25 13:47:19,866 P1449723 [INFO] ************************************************************
2026-01-25 13:47:19,866 P1449723 [INFO] ConfigSet Infra-EmbeddedPreBuild
2026-01-25 13:47:22,569 P1449897 [INFO] ************************************************************
2026-01-25 13:47:22,569 P1449897 [INFO] ConfigSet Infra-EmbeddedPostBuild
2026-01-26 03:04:24,530 P1476311 [INFO] ************************************************************
2026-01-26 03:04:24,530 P1476311 [INFO] ConfigSet Infra-EmbeddedPreBuild
2026-01-26 03:04:27,320 P1476533 [INFO] ************************************************************
2026-01-26 03:04:27,320 P1476533 [INFO] ConfigSet Infra-EmbeddedPostBuild
2026-02-01 07:34:37,468 P1765016 [INFO] ************************************************************
2026-02-01 07:34:37,468 P1765016 [INFO] ConfigSet Infra-EmbeddedPreBuild
2026-02-01 07:34:40,265 P1765238 [INFO] ************************************************************
2026-02-01 07:34:40,265 P1765238 [INFO] ConfigSet Infra-EmbeddedPostBuild
2026-02-01 07:56:32,324 P1766443 [INFO] ************************************************************
2026-02-01 07:56:32,324 P1766443 [INFO] ConfigSet Infra-EmbeddedPreBuild
2026-02-01 07:56:35,065 P1766665 [INFO] ************************************************************
2026-02-01 07:56:35,065 P1766665 [INFO] ConfigSet Infra-EmbeddedPostBuild
2026-02-01 08:13:25,340 P1767809 [INFO] ************************************************************
2026-02-01 08:13:25,341 P1767809 [INFO] ConfigSet Infra-EmbeddedPreBuild
2026-02-01 08:13:28,059 P1767983 [INFO] ************************************************************
2026-02-01 08:13:28,059 P1767983 [INFO] ConfigSet Infra-EmbeddedPostBuild
2026-02-01 08:18:39,410 P1768685 [INFO] ************************************************************
2026-02-01 08:18:39,410 P1768685 [INFO] ConfigSet Infra-EmbeddedPreBuild
2026-02-01 08:18:42,285 P1768859 [INFO] ************************************************************
2026-02-01 08:18:42,285 P1768859 [INFO] ConfigSet Infra-EmbeddedPostBuild
2026-02-01 08:23:41,645 P1769559 [INFO] ************************************************************
2026-02-01 08:23:41,645 P1769559 [INFO] ConfigSet Infra-EmbeddedPreBuild
2026-02-01 08:23:44,329 P1769731 [INFO] ************************************************************
2026-02-01 08:23:44,329 P1769731 [INFO] ConfigSet Infra-EmbeddedPostBuild
2026-02-01 08:44:37,389 P1770941 [INFO] ************************************************************
2026-02-01 08:44:37,389 P1770941 [INFO] ConfigSet Infra-EmbeddedPreBuild
2026-02-01 08:44:40,057 P1771114 [INFO] ************************************************************
2026-02-01 08:44:40,058 P1771114 [INFO] ConfigSet Infra-EmbeddedPostBuild
2026-02-01 08:50:51,201 P1771832 [INFO] ************************************************************
2026-02-01 08:50:51,201 P1771832 [INFO] ConfigSet Infra-EmbeddedPreBuild
2026-02-01 08:50:54,036 P1772055 [INFO] ************************************************************
2026-02-01 08:50:54,036 P1772055 [INFO] ConfigSet Infra-EmbeddedPostBuild
2026-02-01 09:16:44,068 P1773455 [INFO] ************************************************************
2026-02-01 09:16:44,069 P1773455 [INFO] ConfigSet Infra-EmbeddedPreBuild
2026-02-01 09:16:46,778 P1773679 [INFO] ************************************************************
2026-02-01 09:16:46,778 P1773679 [INFO] ConfigSet Infra-EmbeddedPostBuild
2026-02-01 13:21:47,352 P1782113 [INFO] ************************************************************
2026-02-01 13:21:47,352 P1782113 [INFO] ConfigSet Infra-EmbeddedPreBuild
2026-02-01 13:21:50,316 P1782286 [INFO] ************************************************************
2026-02-01 13:21:50,316 P1782286 [INFO] ConfigSet Infra-EmbeddedPostBuild
2026-02-02 06:50:46,553 P1816818 [INFO] ************************************************************
2026-02-02 06:50:46,554 P1816818 [INFO] ConfigSet Infra-EmbeddedPreBuild
2026-02-02 06:50:49,311 P1817040 [INFO] ************************************************************
2026-02-02 06:50:49,311 P1817040 [INFO] ConfigSet Infra-EmbeddedPostBuild
2026-02-14 00:38:20,091 P2364601 [INFO] ************************************************************
2026-02-14 00:38:20,091 P2364601 [INFO] ConfigSet Infra-EmbeddedPostBuild
2026-02-14 00:39:26,053 P2365163 [INFO] ************************************************************
2026-02-14 00:39:26,053 P2365163 [INFO] ConfigSet Infra-EmbeddedPreBuild
2026-02-14 00:39:28,669 P2365335 [INFO] ************************************************************
2026-02-14 00:39:28,669 P2365335 [INFO] ConfigSet Infra-EmbeddedPostBuild
2026-02-14 00:56:06,082 P2366413 [INFO] ************************************************************
2026-02-14 00:56:06,082 P2366413 [INFO] ConfigSet Infra-EmbeddedPreBuild
2026-02-14 00:56:09,074 P2366590 [INFO] ************************************************************
2026-02-14 00:56:09,074 P2366590 [INFO] ConfigSet Infra-EmbeddedPostBuild
2026-02-14 01:07:11,509 P2367599 [INFO] ************************************************************
2026-02-14 01:07:11,509 P2367599 [INFO] ConfigSet Infra-EmbeddedPreBuild
2026-02-14 01:07:14,312 P2367772 [INFO] ************************************************************
2026-02-14 01:07:14,312 P2367772 [INFO] ConfigSet Infra-EmbeddedPostBuild
2026-02-14 01:15:27,443 P2368650 [INFO] ************************************************************
2026-02-14 01:15:27,443 P2368650 [INFO] ConfigSet Infra-EmbeddedPreBuild
2026-02-14 01:15:30,321 P2368825 [INFO] ************************************************************
2026-02-14 01:15:30,321 P2368825 [INFO] ConfigSet Infra-EmbeddedPostBuild
2026-02-14 01:39:22,183 P2370092 [INFO] ************************************************************
2026-02-14 01:39:22,183 P2370092 [INFO] ConfigSet Infra-EmbeddedPreBuild
2026-02-14 01:39:25,052 P2370314 [INFO] ************************************************************
2026-02-14 01:39:25,052 P2370314 [INFO] ConfigSet Infra-EmbeddedPostBuild
2026-02-14 02:04:21,158 P2371808 [INFO] ************************************************************
2026-02-14 02:04:21,159 P2371808 [INFO] ConfigSet Infra-EmbeddedPreBuild
2026-02-14 02:04:24,076 P2371982 [INFO] ************************************************************
2026-02-14 02:04:24,076 P2371982 [INFO] ConfigSet Infra-EmbeddedPostBuild
2026-02-14 02:27:13,330 P2373248 [INFO] ************************************************************
2026-02-14 02:27:13,330 P2373248 [INFO] ConfigSet Infra-EmbeddedPreBuild
2026-02-14 02:27:16,073 P2373470 [INFO] ************************************************************
2026-02-14 02:27:16,073 P2373470 [INFO] ConfigSet Infra-EmbeddedPostBuild
2026-02-14 03:15:51,169 P2375629 [INFO] ************************************************************
2026-02-14 03:15:51,169 P2375629 [INFO] ConfigSet Infra-EmbeddedPreBuild
2026-02-14 03:15:54,070 P2375804 [INFO] ************************************************************
2026-02-14 03:15:54,071 P2375804 [INFO] ConfigSet Infra-EmbeddedPostBuild
2026-02-14 03:31:24,610 P2376875 [INFO] ************************************************************
2026-02-14 03:31:24,610 P2376875 [INFO] ConfigSet Infra-EmbeddedPreBuild
2026-02-14 03:31:27,559 P2377050 [INFO] ************************************************************
2026-02-14 03:31:27,559 P2377050 [INFO] ConfigSet Infra-EmbeddedPostBuild
2026-02-14 03:52:44,622 P2378269 [INFO] ************************************************************
2026-02-14 03:52:44,622 P2378269 [INFO] ConfigSet Infra-EmbeddedPreBuild
2026-02-14 03:52:47,525 P2378491 [INFO] ************************************************************
2026-02-14 03:52:47,525 P2378491 [INFO] ConfigSet Infra-EmbeddedPostBuild
2026-02-14 05:40:51,909 P2382506 [INFO] ************************************************************
2026-02-14 05:40:51,909 P2382506 [INFO] ConfigSet Infra-EmbeddedPreBuild
2026-02-14 05:40:54,832 P2382727 [INFO] ************************************************************
2026-02-14 05:40:54,832 P2382727 [INFO] ConfigSet Infra-EmbeddedPostBuild
2026-02-14 06:00:09,006 P2383873 [INFO] ************************************************************
2026-02-14 06:00:09,006 P2383873 [INFO] ConfigSet Infra-EmbeddedPreBuild
2026-02-14 06:00:11,827 P2384050 [INFO] ************************************************************
2026-02-14 06:00:11,827 P2384050 [INFO] ConfigSet Infra-EmbeddedPostBuild
