2025-12-26 01:27:09,328 [INFO] -----------------------Starting build-----------------------
2025-12-26 01:27:09,334 [INFO] Running configSets: _OnInstanceBoot
2025-12-26 01:27:09,337 [INFO] Running configSet _OnInstanceBoot
2025-12-26 01:27:09,339 [INFO] Running config AWSEBBaseConfig
2025-12-26 01:27:09,599 [INFO] Command clearbackupfiles succeeded
2025-12-26 01:27:09,602 [INFO] Running config AWSEBCfnHupEndpointOverride
2025-12-26 01:27:09,607 [INFO] Command clearbackupfiles succeeded
2025-12-26 01:27:09,608 [INFO] ConfigSets completed
2025-12-26 01:27:09,608 [INFO] -----------------------Build complete-----------------------
2025-12-26 01:27:12,928 [INFO] -----------------------Starting build-----------------------
2025-12-26 01:27:12,933 [INFO] Running configSets: Infra-EmbeddedPreBuild
2025-12-26 01:27:12,936 [INFO] Running configSet Infra-EmbeddedPreBuild
2025-12-26 01:27:12,936 [INFO] ConfigSets completed
2025-12-26 01:27:12,936 [INFO] -----------------------Build complete-----------------------
2025-12-26 01:27:15,603 [INFO] -----------------------Starting build-----------------------
2025-12-26 01:27:15,609 [INFO] Running configSets: Infra-EmbeddedPostBuild
2025-12-26 01:27:15,611 [INFO] Running configSet Infra-EmbeddedPostBuild
2025-12-26 01:27:15,612 [INFO] ConfigSets completed
2025-12-26 01:27:15,612 [INFO] -----------------------Build complete-----------------------
2025-12-26 01:43:56,307 [INFO] -----------------------Starting build-----------------------
2025-12-26 01:43:56,312 [INFO] Running configSets: Infra-EmbeddedPreBuild
2025-12-26 01:43:56,315 [INFO] Running configSet Infra-EmbeddedPreBuild
2025-12-26 01:43:56,315 [INFO] ConfigSets completed
2025-12-26 01:43:56,315 [INFO] -----------------------Build complete-----------------------
2025-12-26 01:43:59,042 [INFO] -----------------------Starting build-----------------------
2025-12-26 01:43:59,048 [INFO] Running configSets: Infra-EmbeddedPostBuild
2025-12-26 01:43:59,051 [INFO] Running configSet Infra-EmbeddedPostBuild
2025-12-26 01:43:59,052 [INFO] ConfigSets completed
2025-12-26 01:43:59,052 [INFO] -----------------------Build complete-----------------------
2025-12-26 02:43:02,758 [INFO] -----------------------Starting build-----------------------
2025-12-26 02:43:02,764 [INFO] Running configSets: Infra-EmbeddedPreBuild
2025-12-26 02:43:02,767 [INFO] Running configSet Infra-EmbeddedPreBuild
2025-12-26 02:43:02,767 [INFO] ConfigSets completed
2025-12-26 02:43:02,767 [INFO] -----------------------Build complete-----------------------
2025-12-26 02:43:06,067 [INFO] -----------------------Starting build-----------------------
2025-12-26 02:43:06,073 [INFO] Running configSets: Infra-EmbeddedPostBuild
2025-12-26 02:43:06,076 [INFO] Running configSet Infra-EmbeddedPostBuild
2025-12-26 02:43:06,076 [INFO] ConfigSets completed
2025-12-26 02:43:06,076 [INFO] -----------------------Build complete-----------------------
2025-12-28 12:07:58,040 [INFO] -----------------------Starting build-----------------------
2025-12-28 12:07:58,046 [INFO] Running configSets: Infra-EmbeddedPreBuild
2025-12-28 12:07:58,049 [INFO] Running configSet Infra-EmbeddedPreBuild
2025-12-28 12:07:58,049 [INFO] ConfigSets completed
2025-12-28 12:07:58,049 [INFO] -----------------------Build complete-----------------------
2025-12-28 12:08:01,314 [INFO] -----------------------Starting build-----------------------
2025-12-28 12:08:01,320 [INFO] Running configSets: Infra-EmbeddedPostBuild
2025-12-28 12:08:01,322 [INFO] Running configSet Infra-EmbeddedPostBuild
2025-12-28 12:08:01,322 [INFO] ConfigSets completed
2025-12-28 12:08:01,322 [INFO] -----------------------Build complete-----------------------
2025-12-28 12:09:03,827 [INFO] -----------------------Starting build-----------------------
2025-12-28 12:09:03,833 [INFO] Running configSets: Infra-EmbeddedPostBuild
2025-12-28 12:09:03,835 [INFO] Running configSet Infra-EmbeddedPostBuild
2025-12-28 12:09:03,835 [INFO] ConfigSets completed
2025-12-28 12:09:03,835 [INFO] -----------------------Build complete-----------------------
2025-12-28 12:28:50,584 [INFO] -----------------------Starting build-----------------------
2025-12-28 12:28:50,589 [INFO] Running configSets: Infra-EmbeddedPreBuild
2025-12-28 12:28:50,592 [INFO] Running configSet Infra-EmbeddedPreBuild
2025-12-28 12:28:50,594 [INFO] Running config prebuild_0_abuts_fit
2025-12-28 12:28:51,079 [ERROR] Command 01_install_backend_deps (cd /var/app/staging/backend
if [ -f "package-lock.json" ]; then
  npm ci --omit=dev --no-audit --no-fund || npm install --omit=dev --no-audit --no-fund
else
  npm install --omit=dev --no-audit --no-fund
fi
) failed
2025-12-28 12:28:51,079 [ERROR] Error encountered during build of prebuild_0_abuts_fit: Command 01_install_backend_deps failed
Traceback (most recent call last):
  File "/usr/lib/python3.9/site-packages/cfnbootstrap/construction.py", line 581, in run_config
    CloudFormationCarpenter(config, self._auth_config, self.strict_mode).build(worklog)
  File "/usr/lib/python3.9/site-packages/cfnbootstrap/construction.py", line 279, in build
    changes['commands'] = CommandTool().apply(
  File "/usr/lib/python3.9/site-packages/cfnbootstrap/command_tool.py", line 127, in apply
    raise ToolError(u"Command %s failed" % name)
cfnbootstrap.construction_errors.ToolError: Command 01_install_backend_deps failed
2025-12-28 12:28:51,082 [ERROR] -----------------------BUILD FAILED!------------------------
2025-12-28 12:28:51,082 [ERROR] Unhandled exception during build: Command 01_install_backend_deps failed
Traceback (most recent call last):
  File "/opt/aws/bin/cfn-init", line 181, in <module>
    worklog.build(metadata, configSets, strict_mode)
  File "/usr/lib/python3.9/site-packages/cfnbootstrap/construction.py", line 139, in build
    Contractor(metadata, strict_mode).build(configSets, self)
  File "/usr/lib/python3.9/site-packages/cfnbootstrap/construction.py", line 569, in build
    self.run_config(config, worklog)
  File "/usr/lib/python3.9/site-packages/cfnbootstrap/construction.py", line 581, in run_config
    CloudFormationCarpenter(config, self._auth_config, self.strict_mode).build(worklog)
  File "/usr/lib/python3.9/site-packages/cfnbootstrap/construction.py", line 279, in build
    changes['commands'] = CommandTool().apply(
  File "/usr/lib/python3.9/site-packages/cfnbootstrap/command_tool.py", line 127, in apply
    raise ToolError(u"Command %s failed" % name)
cfnbootstrap.construction_errors.ToolError: Command 01_install_backend_deps failed
2025-12-28 12:49:57,293 [INFO] -----------------------Starting build-----------------------
2025-12-28 12:49:57,299 [INFO] Running configSets: Infra-EmbeddedPreBuild
2025-12-28 12:49:57,302 [INFO] Running configSet Infra-EmbeddedPreBuild
2025-12-28 12:49:57,304 [INFO] Running config prebuild_0_abuts_fit
2025-12-28 12:49:57,813 [ERROR] Command 01_install_backend_deps (cd /var/app/staging/backend
if [ -f "package-lock.json" ]; then
  npm ci --omit=dev --no-audit --no-fund || npm install --omit=dev --no-audit --no-fund
else
  npm install --omit=dev --no-audit --no-fund
fi
) failed
2025-12-28 12:49:57,813 [ERROR] Error encountered during build of prebuild_0_abuts_fit: Command 01_install_backend_deps failed
Traceback (most recent call last):
  File "/usr/lib/python3.9/site-packages/cfnbootstrap/construction.py", line 581, in run_config
    CloudFormationCarpenter(config, self._auth_config, self.strict_mode).build(worklog)
  File "/usr/lib/python3.9/site-packages/cfnbootstrap/construction.py", line 279, in build
    changes['commands'] = CommandTool().apply(
  File "/usr/lib/python3.9/site-packages/cfnbootstrap/command_tool.py", line 127, in apply
    raise ToolError(u"Command %s failed" % name)
cfnbootstrap.construction_errors.ToolError: Command 01_install_backend_deps failed
2025-12-28 12:49:57,814 [ERROR] -----------------------BUILD FAILED!------------------------
2025-12-28 12:49:57,814 [ERROR] Unhandled exception during build: Command 01_install_backend_deps failed
Traceback (most recent call last):
  File "/opt/aws/bin/cfn-init", line 181, in <module>
    worklog.build(metadata, configSets, strict_mode)
  File "/usr/lib/python3.9/site-packages/cfnbootstrap/construction.py", line 139, in build
    Contractor(metadata, strict_mode).build(configSets, self)
  File "/usr/lib/python3.9/site-packages/cfnbootstrap/construction.py", line 569, in build
    self.run_config(config, worklog)
  File "/usr/lib/python3.9/site-packages/cfnbootstrap/construction.py", line 581, in run_config
    CloudFormationCarpenter(config, self._auth_config, self.strict_mode).build(worklog)
  File "/usr/lib/python3.9/site-packages/cfnbootstrap/construction.py", line 279, in build
    changes['commands'] = CommandTool().apply(
  File "/usr/lib/python3.9/site-packages/cfnbootstrap/command_tool.py", line 127, in apply
    raise ToolError(u"Command %s failed" % name)
cfnbootstrap.construction_errors.ToolError: Command 01_install_backend_deps failed
2025-12-28 12:54:02,349 [INFO] -----------------------Starting build-----------------------
2025-12-28 12:54:02,355 [INFO] Running configSets: Infra-EmbeddedPreBuild
2025-12-28 12:54:02,358 [INFO] Running configSet Infra-EmbeddedPreBuild
2025-12-28 12:54:02,358 [INFO] ConfigSets completed
2025-12-28 12:54:02,358 [INFO] -----------------------Build complete-----------------------
2025-12-28 12:54:08,300 [INFO] -----------------------Starting build-----------------------
2025-12-28 12:54:08,306 [INFO] Running configSets: Infra-EmbeddedPostBuild
2025-12-28 12:54:08,308 [INFO] Running configSet Infra-EmbeddedPostBuild
2025-12-28 12:54:08,308 [INFO] ConfigSets completed
2025-12-28 12:54:08,309 [INFO] -----------------------Build complete-----------------------
2025-12-28 13:10:38,632 [INFO] -----------------------Starting build-----------------------
2025-12-28 13:10:38,638 [INFO] Running configSets: Infra-EmbeddedPreBuild
2025-12-28 13:10:38,641 [INFO] Running configSet Infra-EmbeddedPreBuild
2025-12-28 13:10:38,641 [INFO] ConfigSets completed
2025-12-28 13:10:38,641 [INFO] -----------------------Build complete-----------------------
2025-12-28 13:10:41,442 [INFO] -----------------------Starting build-----------------------
2025-12-28 13:10:41,449 [INFO] Running configSets: Infra-EmbeddedPostBuild
2025-12-28 13:10:41,452 [INFO] Running configSet Infra-EmbeddedPostBuild
2025-12-28 13:10:41,452 [INFO] ConfigSets completed
2025-12-28 13:10:41,452 [INFO] -----------------------Build complete-----------------------
2025-12-28 13:24:22,508 [INFO] -----------------------Starting build-----------------------
2025-12-28 13:24:22,513 [INFO] Running configSets: Infra-EmbeddedPreBuild
2025-12-28 13:24:22,515 [INFO] Running configSet Infra-EmbeddedPreBuild
2025-12-28 13:24:22,515 [INFO] ConfigSets completed
2025-12-28 13:24:22,515 [INFO] -----------------------Build complete-----------------------
2025-12-28 13:24:25,127 [INFO] -----------------------Starting build-----------------------
2025-12-28 13:24:25,133 [INFO] Running configSets: Infra-EmbeddedPostBuild
2025-12-28 13:24:25,135 [INFO] Running configSet Infra-EmbeddedPostBuild
2025-12-28 13:24:25,135 [INFO] ConfigSets completed
2025-12-28 13:24:25,136 [INFO] -----------------------Build complete-----------------------
2025-12-28 21:37:05,538 [INFO] -----------------------Starting build-----------------------
2025-12-28 21:37:05,543 [INFO] Running configSets: Infra-EmbeddedPreBuild
2025-12-28 21:37:05,546 [INFO] Running configSet Infra-EmbeddedPreBuild
2025-12-28 21:37:05,546 [INFO] ConfigSets completed
2025-12-28 21:37:05,546 [INFO] -----------------------Build complete-----------------------
2025-12-28 21:37:08,323 [INFO] -----------------------Starting build-----------------------
2025-12-28 21:37:08,328 [INFO] Running configSets: Infra-EmbeddedPostBuild
2025-12-28 21:37:08,330 [INFO] Running configSet Infra-EmbeddedPostBuild
2025-12-28 21:37:08,331 [INFO] ConfigSets completed
2025-12-28 21:37:08,331 [INFO] -----------------------Build complete-----------------------
2026-01-02 03:08:09,463 [INFO] -----------------------Starting build-----------------------
2026-01-02 03:08:09,468 [INFO] Running configSets: Infra-EmbeddedPreBuild
2026-01-02 03:08:09,471 [INFO] Running configSet Infra-EmbeddedPreBuild
2026-01-02 03:08:09,471 [INFO] ConfigSets completed
2026-01-02 03:08:09,471 [INFO] -----------------------Build complete-----------------------
2026-01-02 03:08:12,281 [INFO] -----------------------Starting build-----------------------
2026-01-02 03:08:12,286 [INFO] Running configSets: Infra-EmbeddedPostBuild
2026-01-02 03:08:12,289 [INFO] Running configSet Infra-EmbeddedPostBuild
2026-01-02 03:08:12,289 [INFO] ConfigSets completed
2026-01-02 03:08:12,289 [INFO] -----------------------Build complete-----------------------
2026-01-02 03:09:10,527 [INFO] -----------------------Starting build-----------------------
2026-01-02 03:09:10,532 [INFO] Running configSets: Infra-EmbeddedPostBuild
2026-01-02 03:09:10,535 [INFO] Running configSet Infra-EmbeddedPostBuild
2026-01-02 03:09:10,535 [INFO] ConfigSets completed
2026-01-02 03:09:10,535 [INFO] -----------------------Build complete-----------------------
