2025/12/28 12:12:34.577943 [INFO] Cleaning log publish record...
2025/12/28 12:12:34.578007 [INFO] Start log publish job.
2025/12/28 12:12:34.578012 [INFO] Start publish file /tmp/BundleLogs-1766923954310.zip
2025/12/28 12:12:34.667969 [INFO] Successful upload file /tmp/BundleLogs-1766923954310.zip to s3 resources/environments/logs/bundle/e-37m2a4tpya/i-06a1e4e55056b6317/BundleLogs-1766923954310.zip
2025/12/28 12:12:34.668110 [INFO] Finished log publish job.
2025/12/28 12:29:24.041537 [INFO] Cleaning log publish record...
2025/12/28 12:29:24.041629 [INFO] /tmp/BundleLogs-1766923954310.zip exists, no need for clean up
2025/12/28 12:29:24.041634 [INFO] Start log publish job.
2025/12/28 12:29:24.041636 [INFO] Start publish file /tmp/BundleLogs-1766924963803.zip
2025/12/28 12:29:24.121235 [INFO] Successful upload file /tmp/BundleLogs-1766924963803.zip to s3 resources/environments/logs/bundle/e-37m2a4tpya/i-06a1e4e55056b6317/BundleLogs-1766924963803.zip
2025/12/28 12:29:24.121379 [INFO] Finished log publish job.
2025/12/28 12:52:26.111544 [INFO] Cleaning log publish record...
2025/12/28 12:52:26.111656 [INFO] /tmp/BundleLogs-1766923954310.zip exists, no need for clean up
2025/12/28 12:52:26.111670 [INFO] /tmp/BundleLogs-1766924963803.zip exists, no need for clean up
2025/12/28 12:52:26.111674 [INFO] Start log publish job.
2025/12/28 12:52:26.111677 [INFO] Start publish file /tmp/BundleLogs-1766926345876.zip
2025/12/28 12:52:26.188213 [INFO] Successful upload file /tmp/BundleLogs-1766926345876.zip to s3 resources/environments/logs/bundle/e-37m2a4tpya/i-06a1e4e55056b6317/BundleLogs-1766926345876.zip
2025/12/28 12:52:26.188382 [INFO] Finished log publish job.
2025/12/28 12:57:14.307615 [INFO] Cleaning log publish record...
2025/12/28 12:57:14.307687 [INFO] /tmp/BundleLogs-1766923954310.zip exists, no need for clean up
2025/12/28 12:57:14.307696 [INFO] /tmp/BundleLogs-1766924963803.zip exists, no need for clean up
2025/12/28 12:57:14.307702 [INFO] /tmp/BundleLogs-1766926345876.zip exists, no need for clean up
2025/12/28 12:57:14.307704 [INFO] Start log publish job.
2025/12/28 12:57:14.307707 [INFO] Start publish file /tmp/BundleLogs-1766926634069.zip
2025/12/28 12:57:14.386806 [INFO] Successful upload file /tmp/BundleLogs-1766926634069.zip to s3 resources/environments/logs/bundle/e-37m2a4tpya/i-06a1e4e55056b6317/BundleLogs-1766926634069.zip
2025/12/28 12:57:14.386964 [INFO] Finished log publish job.
