2025-12-26 01:27:09,337 P1655 [INFO] ************************************************************
2025-12-26 01:27:09,337 P1655 [INFO] ConfigSet _OnInstanceBoot
2025-12-26 01:27:09,339 P1655 [INFO] ++++++++++++++++++++++++++++++++++++++++++++++++++++++++++++
2025-12-26 01:27:09,339 P1655 [INFO] Config AWSEBBaseConfig
2025-12-26 01:27:09,588 P1655 [INFO] ============================================================
2025-12-26 01:27:09,588 P1655 [INFO] Command clearbackupfiles
2025-12-26 01:27:09,598 P1655 [INFO] Completed successfully.
2025-12-26 01:27:09,602 P1655 [INFO] ++++++++++++++++++++++++++++++++++++++++++++++++++++++++++++
2025-12-26 01:27:09,602 P1655 [INFO] Config AWSEBCfnHupEndpointOverride
2025-12-26 01:27:09,603 P1655 [INFO] ============================================================
2025-12-26 01:27:09,603 P1655 [INFO] Command clearbackupfiles
2025-12-26 01:27:09,607 P1655 [INFO] Completed successfully.
2025-12-26 01:27:12,936 P1789 [INFO] ************************************************************
2025-12-26 01:27:12,936 P1789 [INFO] ConfigSet Infra-EmbeddedPreBuild
2025-12-26 01:27:15,612 P1898 [INFO] ************************************************************
2025-12-26 01:27:15,612 P1898 [INFO] ConfigSet Infra-EmbeddedPostBuild
2025-12-26 01:43:56,315 P2763 [INFO] ************************************************************
2025-12-26 01:43:56,315 P2763 [INFO] ConfigSet Infra-EmbeddedPreBuild
2025-12-26 01:43:59,051 P2941 [INFO] ************************************************************
2025-12-26 01:43:59,051 P2941 [INFO] ConfigSet Infra-EmbeddedPostBuild
2025-12-26 02:43:02,767 P5398 [INFO] ************************************************************
2025-12-26 02:43:02,767 P5398 [INFO] ConfigSet Infra-EmbeddedPreBuild
2025-12-26 02:43:06,076 P5620 [INFO] ************************************************************
2025-12-26 02:43:06,076 P5620 [INFO] ConfigSet Infra-EmbeddedPostBuild
2025-12-28 12:07:58,049 P117590 [INFO] ************************************************************
2025-12-28 12:07:58,049 P117590 [INFO] ConfigSet Infra-EmbeddedPreBuild
2025-12-28 12:08:01,322 P117764 [INFO] ************************************************************
2025-12-28 12:08:01,322 P117764 [INFO] ConfigSet Infra-EmbeddedPostBuild
2025-12-28 12:09:03,835 P118621 [INFO] ************************************************************
2025-12-28 12:09:03,835 P118621 [INFO] ConfigSet Infra-EmbeddedPostBuild
2025-12-28 12:28:50,592 P119700 [INFO] ************************************************************
2025-12-28 12:28:50,592 P119700 [INFO] ConfigSet Infra-EmbeddedPreBuild
2025-12-28 12:28:50,594 P119700 [INFO] ++++++++++++++++++++++++++++++++++++++++++++++++++++++++++++
2025-12-28 12:28:50,594 P119700 [INFO] Config prebuild_0_abuts_fit
2025-12-28 12:28:50,595 P119700 [INFO] ============================================================
2025-12-28 12:28:50,595 P119700 [INFO] Command 01_install_backend_deps
2025-12-28 12:28:51,078 P119700 [INFO] -----------------------Command Output-----------------------
2025-12-28 12:28:51,079 P119700 [INFO] 	/bin/sh: line 1: cd: /var/app/staging/backend: No such file or directory
2025-12-28 12:28:51,079 P119700 [INFO] 	npm error Tracker "idealTree" already exists
2025-12-28 12:28:51,079 P119700 [INFO] 	npm error A complete log of this run can be found in: /root/.npm/_logs/2025-12-28T12_28_50_741Z-debug-0.log
2025-12-28 12:28:51,079 P119700 [INFO] ------------------------------------------------------------
2025-12-28 12:28:51,079 P119700 [ERROR] Exited with error code 1
2025-12-28 12:49:57,302 P120427 [INFO] ************************************************************
2025-12-28 12:49:57,302 P120427 [INFO] ConfigSet Infra-EmbeddedPreBuild
2025-12-28 12:49:57,305 P120427 [INFO] ++++++++++++++++++++++++++++++++++++++++++++++++++++++++++++
2025-12-28 12:49:57,305 P120427 [INFO] Config prebuild_0_abuts_fit
2025-12-28 12:49:57,305 P120427 [INFO] ============================================================
2025-12-28 12:49:57,305 P120427 [INFO] Command 01_install_backend_deps
2025-12-28 12:49:57,812 P120427 [INFO] -----------------------Command Output-----------------------
2025-12-28 12:49:57,813 P120427 [INFO] 	/bin/sh: line 1: cd: /var/app/staging/backend: No such file or directory
2025-12-28 12:49:57,813 P120427 [INFO] 	npm error Tracker "idealTree" already exists
2025-12-28 12:49:57,813 P120427 [INFO] 	npm error A complete log of this run can be found in: /root/.npm/_logs/2025-12-28T12_49_57_460Z-debug-0.log
2025-12-28 12:49:57,813 P120427 [INFO] ------------------------------------------------------------
2025-12-28 12:49:57,813 P120427 [ERROR] Exited with error code 1
2025-12-28 12:54:02,358 P120610 [INFO] ************************************************************
2025-12-28 12:54:02,358 P120610 [INFO] ConfigSet Infra-EmbeddedPreBuild
2025-12-28 12:54:08,308 P120782 [INFO] ************************************************************
2025-12-28 12:54:08,308 P120782 [INFO] ConfigSet Infra-EmbeddedPostBuild
2025-12-28 13:10:38,641 P122117 [INFO] ************************************************************
2025-12-28 13:10:38,641 P122117 [INFO] ConfigSet Infra-EmbeddedPreBuild
2025-12-28 13:10:41,452 P122292 [INFO] ************************************************************
2025-12-28 13:10:41,452 P122292 [INFO] ConfigSet Infra-EmbeddedPostBuild
2025-12-28 13:24:22,515 P123242 [INFO] ************************************************************
2025-12-28 13:24:22,515 P123242 [INFO] ConfigSet Infra-EmbeddedPreBuild
2025-12-28 13:24:25,135 P123465 [INFO] ************************************************************
2025-12-28 13:24:25,135 P123465 [INFO] ConfigSet Infra-EmbeddedPostBuild
2025-12-28 21:37:05,546 P139825 [INFO] ************************************************************
2025-12-28 21:37:05,546 P139825 [INFO] ConfigSet Infra-EmbeddedPreBuild
2025-12-28 21:37:08,330 P140050 [INFO] ************************************************************
2025-12-28 21:37:08,331 P140050 [INFO] ConfigSet Infra-EmbeddedPostBuild
2026-01-02 03:08:09,471 P337748 [INFO] ************************************************************
2026-01-02 03:08:09,471 P337748 [INFO] ConfigSet Infra-EmbeddedPreBuild
2026-01-02 03:08:12,289 P337921 [INFO] ************************************************************
2026-01-02 03:08:12,289 P337921 [INFO] ConfigSet Infra-EmbeddedPostBuild
2026-01-02 03:09:10,535 P338717 [INFO] ************************************************************
2026-01-02 03:09:10,535 P338717 [INFO] ConfigSet Infra-EmbeddedPostBuild
2026-01-02 03:48:23,582 P340631 [INFO] ************************************************************
2026-01-02 03:48:23,582 P340631 [INFO] ConfigSet Infra-EmbeddedPostBuild
2026-01-02 03:49:03,566 P341129 [INFO] ************************************************************
2026-01-02 03:49:03,566 P341129 [INFO] ConfigSet Infra-EmbeddedPreBuild
2026-01-02 03:49:06,275 P341301 [INFO] ************************************************************
2026-01-02 03:49:06,275 P341301 [INFO] ConfigSet Infra-EmbeddedPostBuild
2026-01-07 22:24:38,024 P610830 [INFO] ************************************************************
2026-01-07 22:24:38,024 P610830 [INFO] ConfigSet Infra-EmbeddedPostBuild
2026-01-07 22:28:02,840 P611393 [INFO] ************************************************************
2026-01-07 22:28:02,840 P611393 [INFO] ConfigSet Infra-EmbeddedPreBuild
2026-01-07 22:28:05,565 P611615 [INFO] ************************************************************
2026-01-07 22:28:05,565 P611615 [INFO] ConfigSet Infra-EmbeddedPostBuild
2026-01-09 00:42:18,830 P663390 [INFO] ************************************************************
2026-01-09 00:42:18,830 P663390 [INFO] ConfigSet Infra-EmbeddedPostBuild
2026-01-09 00:43:19,358 P663953 [INFO] ************************************************************
2026-01-09 00:43:19,358 P663953 [INFO] ConfigSet Infra-EmbeddedPreBuild
2026-01-09 00:43:22,311 P664125 [INFO] ************************************************************
2026-01-09 00:43:22,311 P664125 [INFO] ConfigSet Infra-EmbeddedPostBuild
2026-01-09 01:29:14,021 P666453 [INFO] ************************************************************
2026-01-09 01:29:14,021 P666453 [INFO] ConfigSet Infra-EmbeddedPostBuild
2026-01-09 01:31:26,832 P667183 [INFO] ************************************************************
2026-01-09 01:31:26,832 P667183 [INFO] ConfigSet Infra-EmbeddedPostBuild
2026-01-09 01:32:27,607 P667737 [INFO] ************************************************************
2026-01-09 01:32:27,607 P667737 [INFO] ConfigSet Infra-EmbeddedPreBuild
2026-01-09 01:32:30,327 P667910 [INFO] ************************************************************
2026-01-09 01:32:30,327 P667910 [INFO] ConfigSet Infra-EmbeddedPostBuild
2026-01-09 01:37:25,531 P668736 [INFO] ************************************************************
2026-01-09 01:37:25,531 P668736 [INFO] ConfigSet Infra-EmbeddedPreBuild
2026-01-09 01:37:28,293 P668909 [INFO] ************************************************************
2026-01-09 01:37:28,293 P668909 [INFO] ConfigSet Infra-EmbeddedPostBuild
2026-01-09 01:45:52,846 P669729 [INFO] ************************************************************
2026-01-09 01:45:52,846 P669729 [INFO] ConfigSet Infra-EmbeddedPreBuild
2026-01-09 01:45:55,563 P669903 [INFO] ************************************************************
2026-01-09 01:45:55,563 P669903 [INFO] ConfigSet Infra-EmbeddedPostBuild
2026-01-10 08:25:50,322 P730113 [INFO] ************************************************************
2026-01-10 08:25:50,323 P730113 [INFO] ConfigSet Infra-EmbeddedPostBuild
2026-01-10 08:26:57,446 P730674 [INFO] ************************************************************
2026-01-10 08:26:57,446 P730674 [INFO] ConfigSet Infra-EmbeddedPreBuild
2026-01-10 08:27:00,297 P730846 [INFO] ************************************************************
2026-01-10 08:27:00,297 P730846 [INFO] ConfigSet Infra-EmbeddedPostBuild
2026-01-11 00:35:52,759 P762644 [INFO] ************************************************************
2026-01-11 00:35:52,760 P762644 [INFO] ConfigSet Infra-EmbeddedPreBuild
2026-01-11 00:35:55,561 P762821 [INFO] ************************************************************
2026-01-11 00:35:55,561 P762821 [INFO] ConfigSet Infra-EmbeddedPostBuild
